  [1m[36mActiveRecord::SchemaMigration Pluck (7.7ms)[0m  [1m[34mSELECT "schema_migrations"."version" FROM "schema_migrations" ORDER BY "schema_migrations"."version" ASC[0m
  [1m[36mActiveRecord::InternalMetadata Pluck (7.4ms)[0m  [1m[34mSELECT "ar_internal_metadata"."value" FROM "ar_internal_metadata" WHERE "ar_internal_metadata"."key" = $1 LIMIT $2[0m  [["key", "environment"], ["LIMIT", 1]]
  [1m[36mActiveRecord::SchemaMigration Pluck (0.5ms)[0m  [1m[34mSELECT "schema_migrations"."version" FROM "schema_migrations" ORDER BY "schema_migrations"."version" ASC[0m
  [1m[36mActiveRecord::InternalMetadata Pluck (0.4ms)[0m  [1m[34mSELECT "ar_internal_metadata"."value" FROM "ar_internal_metadata" WHERE "ar_internal_metadata"."key" = $1 LIMIT $2[0m  [["key", "environment"], ["LIMIT", 1]]
  [1m[36mActiveRecord::SchemaMigration Pluck (0.6ms)[0m  [1m[34mSELECT "schema_migrations"."version" FROM "schema_migrations" ORDER BY "schema_migrations"."version" ASC[0m
  [1m[36mActiveRecord::InternalMetadata Pluck (0.4ms)[0m  [1m[34mSELECT "ar_internal_metadata"."value" FROM "ar_internal_metadata" WHERE "ar_internal_metadata"."key" = $1 LIMIT $2[0m  [["key", "environment"], ["LIMIT", 1]]
  [1m[35m (123.5ms)[0m  [1m[35mDROP DATABASE IF EXISTS "budget_app_development"[0m
  [1m[35m (92.9ms)[0m  [1m[35mDROP DATABASE IF EXISTS "budget_app_test"[0m
  [1m[35m (283.1ms)[0m  [1m[35mCREATE DATABASE "budget_app_development" ENCODING = 'unicode'[0m
  [1m[35m (162.6ms)[0m  [1m[35mCREATE DATABASE "budget_app_test" ENCODING = 'unicode'[0m
  [1m[35mSQL (2.6ms)[0m  [1m[35mCREATE EXTENSION IF NOT EXISTS "plpgsql"[0m
  [1m[35m (1.4ms)[0m  [1m[35mDROP TABLE IF EXISTS "entities" CASCADE[0m
  [1m[35m (22.6ms)[0m  [1m[35mCREATE TABLE "entities" ("id" bigserial primary key, "name" character varying, "amount" float, "created_at" timestamp(6) NOT NULL, "updated_at" timestamp(6) NOT NULL, "user_id" bigint NOT NULL, "group_id" bigint NOT NULL)[0m
  [1m[35m (1.4ms)[0m  [1m[35mCREATE INDEX "index_entities_on_group_id" ON "entities" ("group_id")[0m
  [1m[35m (2.0ms)[0m  [1m[35mCREATE INDEX "index_entities_on_user_id" ON "entities" ("user_id")[0m
  [1m[35m (0.3ms)[0m  [1m[35mDROP TABLE IF EXISTS "groups" CASCADE[0m
  [1m[35m (6.4ms)[0m  [1m[35mCREATE TABLE "groups" ("id" bigserial primary key, "name" character varying, "icon" character varying, "created_at" timestamp(6) NOT NULL, "updated_at" timestamp(6) NOT NULL, "user_id" bigint NOT NULL)[0m
  [1m[35m (2.6ms)[0m  [1m[35mCREATE INDEX "index_groups_on_user_id" ON "groups" ("user_id")[0m
  [1m[35m (0.3ms)[0m  [1m[35mDROP TABLE IF EXISTS "users" CASCADE[0m
  [1m[35m (6.9ms)[0m  [1m[35mCREATE TABLE "users" ("id" bigserial primary key, "name" character varying, "email" character varying DEFAULT '' NOT NULL, "encrypted_password" character varying DEFAULT '' NOT NULL, "reset_password_token" character varying, "reset_password_sent_at" timestamp(6), "remember_created_at" timestamp(6), "created_at" timestamp(6) NOT NULL, "updated_at" timestamp(6) NOT NULL)[0m
  [1m[35m (2.2ms)[0m  [1m[35mCREATE UNIQUE INDEX "index_users_on_email" ON "users" ("email")[0m
  [1m[35m (3.8ms)[0m  [1m[35mCREATE UNIQUE INDEX "index_users_on_reset_password_token" ON "users" ("reset_password_token")[0m
  [1m[35m (9.5ms)[0m  [1m[35mALTER TABLE "entities" ADD CONSTRAINT "fk_rails_23743f9b91"
FOREIGN KEY ("group_id")
  REFERENCES "groups" ("id")
[0m
  [1m[35m (3.3ms)[0m  [1m[35mALTER TABLE "entities" ADD CONSTRAINT "fk_rails_71e168c975"
FOREIGN KEY ("user_id")
  REFERENCES "users" ("id")
[0m
  [1m[35m (2.3ms)[0m  [1m[35mALTER TABLE "groups" ADD CONSTRAINT "fk_rails_5e78cd340a"
FOREIGN KEY ("user_id")
  REFERENCES "users" ("id")
[0m
  [1m[35m (6.1ms)[0m  [1m[35mCREATE TABLE "schema_migrations" ("version" character varying NOT NULL PRIMARY KEY)[0m
  [1m[36mActiveRecord::SchemaMigration Pluck (0.6ms)[0m  [1m[34mSELECT "schema_migrations"."version" FROM "schema_migrations" ORDER BY "schema_migrations"."version" ASC[0m
  [1m[35m (1.8ms)[0m  [1m[32mINSERT INTO "schema_migrations" (version) VALUES (20221124130623)[0m
  [1m[35m (1.4ms)[0m  [1m[32mINSERT INTO "schema_migrations" (version) VALUES
(20221123160300),
(20221124114549),
(20221124121022);

[0m
  [1m[35m (5.1ms)[0m  [1m[35mCREATE TABLE "ar_internal_metadata" ("key" character varying NOT NULL PRIMARY KEY, "value" character varying, "created_at" timestamp(6) NOT NULL, "updated_at" timestamp(6) NOT NULL)[0m
  [1m[36mActiveRecord::InternalMetadata Load (0.4ms)[0m  [1m[34mSELECT "ar_internal_metadata".* FROM "ar_internal_metadata" WHERE "ar_internal_metadata"."key" = $1 LIMIT $2[0m  [["key", "environment"], ["LIMIT", 1]]
  [1m[36mTRANSACTION (40.6ms)[0m  [1m[35mBEGIN[0m
  [1m[36mActiveRecord::InternalMetadata Create (41.8ms)[0m  [1m[32mINSERT INTO "ar_internal_metadata" ("key", "value", "created_at", "updated_at") VALUES ($1, $2, $3, $4) RETURNING "key"[0m  [["key", "environment"], ["value", "development"], ["created_at", "2024-01-16 04:10:34.371808"], ["updated_at", "2024-01-16 04:10:34.371808"]]
  [1m[36mTRANSACTION (1.5ms)[0m  [1m[35mCOMMIT[0m
  [1m[36mActiveRecord::InternalMetadata Load (0.9ms)[0m  [1m[34mSELECT "ar_internal_metadata".* FROM "ar_internal_metadata" WHERE "ar_internal_metadata"."key" = $1 LIMIT $2[0m  [["key", "environment"], ["LIMIT", 1]]
  [1m[36mActiveRecord::InternalMetadata Load (0.4ms)[0m  [1m[34mSELECT "ar_internal_metadata".* FROM "ar_internal_metadata" WHERE "ar_internal_metadata"."key" = $1 LIMIT $2[0m  [["key", "schema_sha1"], ["LIMIT", 1]]
  [1m[36mTRANSACTION (0.2ms)[0m  [1m[35mBEGIN[0m
  [1m[36mActiveRecord::InternalMetadata Create (0.4ms)[0m  [1m[32mINSERT INTO "ar_internal_metadata" ("key", "value", "created_at", "updated_at") VALUES ($1, $2, $3, $4) RETURNING "key"[0m  [["key", "schema_sha1"], ["value", "34571e0cdc94cbc4f92a63dfdf9d4d4184c46105"], ["created_at", "2024-01-16 04:10:34.472572"], ["updated_at", "2024-01-16 04:10:34.472572"]]
  [1m[36mTRANSACTION (1.2ms)[0m  [1m[35mCOMMIT[0m
  [1m[35mSQL (0.4ms)[0m  [1m[35mCREATE EXTENSION IF NOT EXISTS "plpgsql"[0m
  [1m[35m (0.2ms)[0m  [1m[35mDROP TABLE IF EXISTS "entities" CASCADE[0m
  [1m[35m (10.1ms)[0m  [1m[35mCREATE TABLE "entities" ("id" bigserial primary key, "name" character varying, "amount" float, "created_at" timestamp(6) NOT NULL, "updated_at" timestamp(6) NOT NULL, "user_id" bigint NOT NULL, "group_id" bigint NOT NULL)[0m
  [1m[35m (2.5ms)[0m  [1m[35mCREATE INDEX "index_entities_on_group_id" ON "entities" ("group_id")[0m
  [1m[35m (2.1ms)[0m  [1m[35mCREATE INDEX "index_entities_on_user_id" ON "entities" ("user_id")[0m
  [1m[35m (0.2ms)[0m  [1m[35mDROP TABLE IF EXISTS "groups" CASCADE[0m
  [1m[35m (47.0ms)[0m  [1m[35mCREATE TABLE "groups" ("id" bigserial primary key, "name" character varying, "icon" character varying, "created_at" timestamp(6) NOT NULL, "updated_at" timestamp(6) NOT NULL, "user_id" bigint NOT NULL)[0m
  [1m[35m (1.8ms)[0m  [1m[35mCREATE INDEX "index_groups_on_user_id" ON "groups" ("user_id")[0m
  [1m[35m (0.9ms)[0m  [1m[35mDROP TABLE IF EXISTS "users" CASCADE[0m
  [1m[35m (7.8ms)[0m  [1m[35mCREATE TABLE "users" ("id" bigserial primary key, "name" character varying, "email" character varying DEFAULT '' NOT NULL, "encrypted_password" character varying DEFAULT '' NOT NULL, "reset_password_token" character varying, "reset_password_sent_at" timestamp(6), "remember_created_at" timestamp(6), "created_at" timestamp(6) NOT NULL, "updated_at" timestamp(6) NOT NULL)[0m
  [1m[35m (2.1ms)[0m  [1m[35mCREATE UNIQUE INDEX "index_users_on_email" ON "users" ("email")[0m
  [1m[35m (2.6ms)[0m  [1m[35mCREATE UNIQUE INDEX "index_users_on_reset_password_token" ON "users" ("reset_password_token")[0m
  [1m[35m (4.8ms)[0m  [1m[35mALTER TABLE "entities" ADD CONSTRAINT "fk_rails_23743f9b91"
FOREIGN KEY ("group_id")
  REFERENCES "groups" ("id")
[0m
  [1m[35m (3.0ms)[0m  [1m[35mALTER TABLE "entities" ADD CONSTRAINT "fk_rails_71e168c975"
FOREIGN KEY ("user_id")
  REFERENCES "users" ("id")
[0m
  [1m[35m (3.0ms)[0m  [1m[35mALTER TABLE "groups" ADD CONSTRAINT "fk_rails_5e78cd340a"
FOREIGN KEY ("user_id")
  REFERENCES "users" ("id")
[0m
  [1m[35m (6.9ms)[0m  [1m[35mCREATE TABLE "schema_migrations" ("version" character varying NOT NULL PRIMARY KEY)[0m
  [1m[36mActiveRecord::SchemaMigration Pluck (0.7ms)[0m  [1m[34mSELECT "schema_migrations"."version" FROM "schema_migrations" ORDER BY "schema_migrations"."version" ASC[0m
  [1m[35m (2.1ms)[0m  [1m[32mINSERT INTO "schema_migrations" (version) VALUES (20221124130623)[0m
  [1m[35m (1.3ms)[0m  [1m[32mINSERT INTO "schema_migrations" (version) VALUES
(20221123160300),
(20221124114549),
(20221124121022);

[0m
  [1m[35m (5.6ms)[0m  [1m[35mCREATE TABLE "ar_internal_metadata" ("key" character varying NOT NULL PRIMARY KEY, "value" character varying, "created_at" timestamp(6) NOT NULL, "updated_at" timestamp(6) NOT NULL)[0m
  [1m[36mActiveRecord::InternalMetadata Load (0.6ms)[0m  [1m[34mSELECT "ar_internal_metadata".* FROM "ar_internal_metadata" WHERE "ar_internal_metadata"."key" = $1 LIMIT $2[0m  [["key", "environment"], ["LIMIT", 1]]
  [1m[36mTRANSACTION (0.2ms)[0m  [1m[35mBEGIN[0m
  [1m[36mActiveRecord::InternalMetadata Create (0.8ms)[0m  [1m[32mINSERT INTO "ar_internal_metadata" ("key", "value", "created_at", "updated_at") VALUES ($1, $2, $3, $4) RETURNING "key"[0m  [["key", "environment"], ["value", "development"], ["created_at", "2024-01-16 04:10:34.666721"], ["updated_at", "2024-01-16 04:10:34.666721"]]
  [1m[36mTRANSACTION (1.3ms)[0m  [1m[35mCOMMIT[0m
  [1m[36mActiveRecord::InternalMetadata Load (0.3ms)[0m  [1m[34mSELECT "ar_internal_metadata".* FROM "ar_internal_metadata" WHERE "ar_internal_metadata"."key" = $1 LIMIT $2[0m  [["key", "environment"], ["LIMIT", 1]]
  [1m[36mTRANSACTION (0.2ms)[0m  [1m[35mBEGIN[0m
  [1m[36mActiveRecord::InternalMetadata Update (41.3ms)[0m  [1m[33mUPDATE "ar_internal_metadata" SET "value" = $1, "updated_at" = $2 WHERE "ar_internal_metadata"."key" = $3[0m  [["value", "test"], ["updated_at", "2024-01-16 04:10:34.677280"], ["key", "environment"]]
  [1m[36mTRANSACTION (1.3ms)[0m  [1m[35mCOMMIT[0m
  [1m[36mActiveRecord::InternalMetadata Load (0.3ms)[0m  [1m[34mSELECT "ar_internal_metadata".* FROM "ar_internal_metadata" WHERE "ar_internal_metadata"."key" = $1 LIMIT $2[0m  [["key", "schema_sha1"], ["LIMIT", 1]]
  [1m[36mTRANSACTION (0.3ms)[0m  [1m[35mBEGIN[0m
  [1m[36mActiveRecord::InternalMetadata Create (0.4ms)[0m  [1m[32mINSERT INTO "ar_internal_metadata" ("key", "value", "created_at", "updated_at") VALUES ($1, $2, $3, $4) RETURNING "key"[0m  [["key", "schema_sha1"], ["value", "34571e0cdc94cbc4f92a63dfdf9d4d4184c46105"], ["created_at", "2024-01-16 04:10:34.728292"], ["updated_at", "2024-01-16 04:10:34.728292"]]
  [1m[36mTRANSACTION (1.3ms)[0m  [1m[35mCOMMIT[0m
  [1m[36mActiveRecord::SchemaMigration Pluck (0.9ms)[0m  [1m[34mSELECT "schema_migrations"."version" FROM "schema_migrations" ORDER BY "schema_migrations"."version" ASC[0m
Started GET "/" for 127.0.0.1 at 2024-01-15 20:11:02 -0800
  [1m[36mActiveRecord::SchemaMigration Pluck (1.7ms)[0m  [1m[34mSELECT "schema_migrations"."version" FROM "schema_migrations" ORDER BY "schema_migrations"."version" ASC[0m
Processing by SplashesController#index as HTML
  Rendering layout layouts/application.html.erb
  Rendering splashes/index.html.erb within layouts/application
  Rendered splashes/index.html.erb within layouts/application (Duration: 7.7ms | Allocations: 723)
  Rendered layout layouts/application.html.erb (Duration: 622.1ms | Allocations: 82989)
Completed 200 OK in 704ms (Views: 637.9ms | ActiveRecord: 0.0ms | Allocations: 92068)


Started GET "/users/sign_up" for 127.0.0.1 at 2024-01-15 20:11:08 -0800
Processing by Devise::RegistrationsController#new as HTML
  Rendering layout layouts/application.html.erb
  Rendering devise/registrations/new.html.erb within layouts/application
  Rendered devise/shared/_error_messages.html.erb (Duration: 9.3ms | Allocations: 256)
  Rendered devise/registrations/new.html.erb within layouts/application (Duration: 42.3ms | Allocations: 3030)
  Rendered layout layouts/application.html.erb (Duration: 53.5ms | Allocations: 4515)
Completed 200 OK in 131ms (Views: 56.0ms | ActiveRecord: 51.0ms | Allocations: 12425)


Started POST "/users" for 127.0.0.1 at 2024-01-15 20:12:03 -0800
  [1m[36mActiveRecord::SchemaMigration Pluck (1.0ms)[0m  [1m[34mSELECT "schema_migrations"."version" FROM "schema_migrations" ORDER BY "schema_migrations"."version" ASC[0m
Processing by Devise::RegistrationsController#create as TURBO_STREAM
  Parameters: {"authenticity_token"=>"[FILTERED]", "user"=>{"name"=>"Siddhartha Ghosh", "email"=>"siddhartha.silvia@gmail.com", "password"=>"[FILTERED]", "password_confirmation"=>"[FILTERED]"}, "commit"=>"Sign Up"}
  [1m[36mTRANSACTION (0.2ms)[0m  [1m[35mBEGIN[0m
  [1m[36mUser Exists? (0.9ms)[0m  [1m[34mSELECT 1 AS one FROM "users" WHERE "users"."email" = $1 LIMIT $2[0m  [["email", "siddhartha.silvia@gmail.com"], ["LIMIT", 1]]
  [1m[36mUser Create (42.2ms)[0m  [1m[32mINSERT INTO "users" ("name", "email", "encrypted_password", "reset_password_token", "reset_password_sent_at", "remember_created_at", "created_at", "updated_at") VALUES ($1, $2, $3, $4, $5, $6, $7, $8) RETURNING "id"[0m  [["name", "Siddhartha Ghosh"], ["email", "siddhartha.silvia@gmail.com"], ["encrypted_password", "[FILTERED]"], ["reset_password_token", "[FILTERED]"], ["reset_password_sent_at", "[FILTERED]"], ["remember_created_at", nil], ["created_at", "2024-01-16 04:12:04.768617"], ["updated_at", "2024-01-16 04:12:04.768617"]]
  [1m[36mTRANSACTION (1.8ms)[0m  [1m[35mCOMMIT[0m
Redirected to http://127.0.0.1:3000/groups
Completed 302 Found in 947ms (ActiveRecord: 54.3ms | Allocations: 21554)


Started GET "/groups" for 127.0.0.1 at 2024-01-15 20:12:04 -0800
Processing by GroupsController#index as TURBO_STREAM
  [1m[36mUser Load (0.9ms)[0m  [1m[34mSELECT "users".* FROM "users" WHERE "users"."id" = $1 ORDER BY "users"."id" ASC LIMIT $2[0m  [["id", 1], ["LIMIT", 1]]
  Rendering layout layouts/application.html.erb
  Rendering groups/index.html.erb within layouts/application
  Rendered shared/_header.html.erb (Duration: 3.2ms | Allocations: 360)
  [1m[36mGroup Exists? (0.6ms)[0m  [1m[34mSELECT 1 AS one FROM "groups" WHERE "groups"."user_id" = $1 LIMIT $2[0m  [["user_id", 1], ["LIMIT", 1]]
  ↳ app/views/groups/index.html.erb:10
  Rendered shared/_footer.html.erb (Duration: 2.7ms | Allocations: 153)
  Rendered groups/index.html.erb within layouts/application (Duration: 18.2ms | Allocations: 2239)
  Rendered layout layouts/application.html.erb (Duration: 309.2ms | Allocations: 34244)
Completed 200 OK in 361ms (Views: 312.5ms | ActiveRecord: 7.2ms | Allocations: 41931)


Started GET "/groups/new" for 127.0.0.1 at 2024-01-15 20:13:12 -0800
Processing by GroupsController#new as HTML
  [1m[36mUser Load (2.8ms)[0m  [1m[34mSELECT "users".* FROM "users" WHERE "users"."id" = $1 ORDER BY "users"."id" ASC LIMIT $2[0m  [["id", 1], ["LIMIT", 1]]
  Rendering layout layouts/application.html.erb
  Rendering groups/new.html.erb within layouts/application
  Rendered shared/_header2.html.erb (Duration: 2.6ms | Allocations: 350)
  Rendered groups/_form.html.erb (Duration: 11.5ms | Allocations: 1214)
  Rendered groups/new.html.erb within layouts/application (Duration: 17.5ms | Allocations: 2003)
  Rendered layout layouts/application.html.erb (Duration: 20.9ms | Allocations: 3482)
Completed 200 OK in 87ms (Views: 23.0ms | ActiveRecord: 5.7ms | Allocations: 13321)


Started POST "/groups" for 127.0.0.1 at 2024-01-15 20:13:35 -0800
  [1m[36mActiveRecord::SchemaMigration Pluck (0.8ms)[0m  [1m[34mSELECT "schema_migrations"."version" FROM "schema_migrations" ORDER BY "schema_migrations"."version" ASC[0m
Processing by GroupsController#create as TURBO_STREAM
  Parameters: {"authenticity_token"=>"[FILTERED]", "group"=>{"name"=>"Ctegory1", "icon"=>"https://cdn-icons-png.flaticon.com/512/1034/1034795.png"}, "commit"=>"Save Category"}
  [1m[36mUser Load (0.5ms)[0m  [1m[34mSELECT "users".* FROM "users" WHERE "users"."id" = $1 ORDER BY "users"."id" ASC LIMIT $2[0m  [["id", 1], ["LIMIT", 1]]
  [1m[36mTRANSACTION (0.2ms)[0m  [1m[35mBEGIN[0m
  ↳ app/controllers/groups_controller.rb:24:in `block in create'
  [1m[36mUser Load (0.3ms)[0m  [1m[34mSELECT "users".* FROM "users" WHERE "users"."id" = $1 LIMIT $2[0m  [["id", 1], ["LIMIT", 1]]
  ↳ app/controllers/groups_controller.rb:24:in `block in create'
  [1m[36mGroup Create (45.2ms)[0m  [1m[32mINSERT INTO "groups" ("name", "icon", "created_at", "updated_at", "user_id") VALUES ($1, $2, $3, $4, $5) RETURNING "id"[0m  [["name", "Ctegory1"], ["icon", "https://cdn-icons-png.flaticon.com/512/1034/1034795.png"], ["created_at", "2024-01-16 04:13:36.117960"], ["updated_at", "2024-01-16 04:13:36.117960"], ["user_id", 1]]
  ↳ app/controllers/groups_controller.rb:24:in `block in create'
  [1m[36mTRANSACTION (6.7ms)[0m  [1m[35mCOMMIT[0m
  ↳ app/controllers/groups_controller.rb:24:in `block in create'
Redirected to http://127.0.0.1:3000/groups/1
Completed 302 Found in 200ms (ActiveRecord: 64.0ms | Allocations: 26021)


Started GET "/groups/1" for 127.0.0.1 at 2024-01-15 20:13:36 -0800
Processing by GroupsController#show as TURBO_STREAM
  Parameters: {"id"=>"1"}
  [1m[36mGroup Load (0.3ms)[0m  [1m[34mSELECT "groups".* FROM "groups" WHERE "groups"."id" = $1 LIMIT $2[0m  [["id", 1], ["LIMIT", 1]]
  ↳ app/controllers/groups_controller.rb:45:in `set_group'
  [1m[36mUser Load (0.3ms)[0m  [1m[34mSELECT "users".* FROM "users" WHERE "users"."id" = $1 ORDER BY "users"."id" ASC LIMIT $2[0m  [["id", 1], ["LIMIT", 1]]
  Rendering layout layouts/application.html.erb
  Rendering groups/show.html.erb within layouts/application
  Rendered shared/_header2.html.erb (Duration: 2.3ms | Allocations: 399)
  [1m[36mEntity Load (0.8ms)[0m  [1m[34mSELECT "entities".* FROM "entities" WHERE "entities"."group_id" = $1[0m  [["group_id", 1]]
  ↳ app/helpers/groups_helper.rb:3:in `reduce'
  Rendered groups/_group.html.erb (Duration: 4.3ms | Allocations: 1243)
  [1m[36mEntity Exists? (1.4ms)[0m  [1m[34mSELECT 1 AS one FROM "entities" WHERE "entities"."group_id" = $1 LIMIT $2[0m  [["group_id", 1], ["LIMIT", 1]]
  ↳ app/views/groups/show.html.erb:9
  Rendered shared/_footer.html.erb (Duration: 2.8ms | Allocations: 153)
  Rendered groups/show.html.erb within layouts/application (Duration: 25.2ms | Allocations: 3911)
  Rendered layout layouts/application.html.erb (Duration: 322.6ms | Allocations: 36517)
Completed 200 OK in 456ms (Views: 332.0ms | ActiveRecord: 72.5ms | Allocations: 44309)


Started GET "/groups/1" for 127.0.0.1 at 2024-01-15 20:13:48 -0800
Processing by GroupsController#show as HTML
  Parameters: {"id"=>"1"}
  [1m[36mGroup Load (0.2ms)[0m  [1m[34mSELECT "groups".* FROM "groups" WHERE "groups"."id" = $1 LIMIT $2[0m  [["id", 1], ["LIMIT", 1]]
  ↳ app/controllers/groups_controller.rb:45:in `set_group'
  [1m[36mUser Load (0.6ms)[0m  [1m[34mSELECT "users".* FROM "users" WHERE "users"."id" = $1 ORDER BY "users"."id" ASC LIMIT $2[0m  [["id", 1], ["LIMIT", 1]]
  Rendering layout layouts/application.html.erb
  Rendering groups/show.html.erb within layouts/application
  Rendered shared/_header2.html.erb (Duration: 0.2ms | Allocations: 85)
  [1m[36mEntity Load (2.8ms)[0m  [1m[34mSELECT "entities".* FROM "entities" WHERE "entities"."group_id" = $1[0m  [["group_id", 1]]
  ↳ app/helpers/groups_helper.rb:3:in `reduce'
  Rendered groups/_group.html.erb (Duration: 4.7ms | Allocations: 727)
  [1m[36mEntity Exists? (1.6ms)[0m  [1m[34mSELECT 1 AS one FROM "entities" WHERE "entities"."group_id" = $1 LIMIT $2[0m  [["group_id", 1], ["LIMIT", 1]]
  ↳ app/views/groups/show.html.erb:9
  Rendered shared/_footer.html.erb (Duration: 0.1ms | Allocations: 36)
  Rendered groups/show.html.erb within layouts/application (Duration: 9.8ms | Allocations: 1614)
  Rendered layout layouts/application.html.erb (Duration: 13.7ms | Allocations: 2900)
Completed 200 OK in 21ms (Views: 10.0ms | ActiveRecord: 5.2ms | Allocations: 5143)


Started GET "/groups/1" for 127.0.0.1 at 2024-01-15 20:13:51 -0800
Processing by GroupsController#show as HTML
  Parameters: {"id"=>"1"}
  [1m[36mGroup Load (0.3ms)[0m  [1m[34mSELECT "groups".* FROM "groups" WHERE "groups"."id" = $1 LIMIT $2[0m  [["id", 1], ["LIMIT", 1]]
  ↳ app/controllers/groups_controller.rb:45:in `set_group'
  [1m[36mUser Load (0.4ms)[0m  [1m[34mSELECT "users".* FROM "users" WHERE "users"."id" = $1 ORDER BY "users"."id" ASC LIMIT $2[0m  [["id", 1], ["LIMIT", 1]]
  Rendering layout layouts/application.html.erb
  Rendering groups/show.html.erb within layouts/application
  Rendered shared/_header2.html.erb (Duration: 0.2ms | Allocations: 80)
  [1m[36mEntity Load (18.0ms)[0m  [1m[34mSELECT "entities".* FROM "entities" WHERE "entities"."group_id" = $1[0m  [["group_id", 1]]
  ↳ app/helpers/groups_helper.rb:3:in `reduce'
  Rendered groups/_group.html.erb (Duration: 20.5ms | Allocations: 728)
  [1m[36mEntity Exists? (0.9ms)[0m  [1m[34mSELECT 1 AS one FROM "entities" WHERE "entities"."group_id" = $1 LIMIT $2[0m  [["group_id", 1], ["LIMIT", 1]]
  ↳ app/views/groups/show.html.erb:9
  Rendered shared/_footer.html.erb (Duration: 0.1ms | Allocations: 36)
  Rendered groups/show.html.erb within layouts/application (Duration: 24.0ms | Allocations: 1603)
  Rendered layout layouts/application.html.erb (Duration: 26.8ms | Allocations: 2884)
Completed 200 OK in 34ms (Views: 8.8ms | ActiveRecord: 19.6ms | Allocations: 5032)


Started GET "/groups/1" for 127.0.0.1 at 2024-01-15 20:13:54 -0800
Processing by GroupsController#show as HTML
  Parameters: {"id"=>"1"}
  [1m[36mGroup Load (0.2ms)[0m  [1m[34mSELECT "groups".* FROM "groups" WHERE "groups"."id" = $1 LIMIT $2[0m  [["id", 1], ["LIMIT", 1]]
  ↳ app/controllers/groups_controller.rb:45:in `set_group'
  [1m[36mUser Load (0.3ms)[0m  [1m[34mSELECT "users".* FROM "users" WHERE "users"."id" = $1 ORDER BY "users"."id" ASC LIMIT $2[0m  [["id", 1], ["LIMIT", 1]]
  Rendering layout layouts/application.html.erb
  Rendering groups/show.html.erb within layouts/application
  Rendered shared/_header2.html.erb (Duration: 0.2ms | Allocations: 80)
  [1m[36mEntity Load (16.7ms)[0m  [1m[34mSELECT "entities".* FROM "entities" WHERE "entities"."group_id" = $1[0m  [["group_id", 1]]
  ↳ app/helpers/groups_helper.rb:3:in `reduce'
  Rendered groups/_group.html.erb (Duration: 19.2ms | Allocations: 727)
  [1m[36mEntity Exists? (4.5ms)[0m  [1m[34mSELECT 1 AS one FROM "entities" WHERE "entities"."group_id" = $1 LIMIT $2[0m  [["group_id", 1], ["LIMIT", 1]]
  ↳ app/views/groups/show.html.erb:9
  Rendered shared/_footer.html.erb (Duration: 0.1ms | Allocations: 36)
  Rendered groups/show.html.erb within layouts/application (Duration: 25.9ms | Allocations: 1602)
  Rendered layout layouts/application.html.erb (Duration: 30.6ms | Allocations: 2883)
Completed 200 OK in 37ms (Views: 10.1ms | ActiveRecord: 21.7ms | Allocations: 5022)


Started GET "/groups/1" for 127.0.0.1 at 2024-01-15 20:13:55 -0800
Processing by GroupsController#show as HTML
  Parameters: {"id"=>"1"}
  [1m[36mGroup Load (0.3ms)[0m  [1m[34mSELECT "groups".* FROM "groups" WHERE "groups"."id" = $1 LIMIT $2[0m  [["id", 1], ["LIMIT", 1]]
  ↳ app/controllers/groups_controller.rb:45:in `set_group'
  [1m[36mUser Load (0.3ms)[0m  [1m[34mSELECT "users".* FROM "users" WHERE "users"."id" = $1 ORDER BY "users"."id" ASC LIMIT $2[0m  [["id", 1], ["LIMIT", 1]]
  Rendering layout layouts/application.html.erb
  Rendering groups/show.html.erb within layouts/application
  Rendered shared/_header2.html.erb (Duration: 0.2ms | Allocations: 80)
  [1m[36mEntity Load (0.3ms)[0m  [1m[34mSELECT "entities".* FROM "entities" WHERE "entities"."group_id" = $1[0m  [["group_id", 1]]
  ↳ app/helpers/groups_helper.rb:3:in `reduce'
  Rendered groups/_group.html.erb (Duration: 1.9ms | Allocations: 727)
  [1m[36mEntity Exists? (0.4ms)[0m  [1m[34mSELECT 1 AS one FROM "entities" WHERE "entities"."group_id" = $1 LIMIT $2[0m  [["group_id", 1], ["LIMIT", 1]]
  ↳ app/views/groups/show.html.erb:9
  Rendered shared/_footer.html.erb (Duration: 0.2ms | Allocations: 36)
  Rendered groups/show.html.erb within layouts/application (Duration: 5.2ms | Allocations: 1602)
  Rendered layout layouts/application.html.erb (Duration: 8.3ms | Allocations: 2883)
Completed 200 OK in 14ms (Views: 8.3ms | ActiveRecord: 1.3ms | Allocations: 5028)


Started GET "/groups/1" for 127.0.0.1 at 2024-01-15 20:13:56 -0800
Processing by GroupsController#show as HTML
  Parameters: {"id"=>"1"}
  [1m[36mGroup Load (0.2ms)[0m  [1m[34mSELECT "groups".* FROM "groups" WHERE "groups"."id" = $1 LIMIT $2[0m  [["id", 1], ["LIMIT", 1]]
  ↳ app/controllers/groups_controller.rb:45:in `set_group'
  [1m[36mUser Load (0.3ms)[0m  [1m[34mSELECT "users".* FROM "users" WHERE "users"."id" = $1 ORDER BY "users"."id" ASC LIMIT $2[0m  [["id", 1], ["LIMIT", 1]]
  Rendering layout layouts/application.html.erb
  Rendering groups/show.html.erb within layouts/application
  Rendered shared/_header2.html.erb (Duration: 0.2ms | Allocations: 80)
  [1m[36mEntity Load (22.9ms)[0m  [1m[34mSELECT "entities".* FROM "entities" WHERE "entities"."group_id" = $1[0m  [["group_id", 1]]
  ↳ app/helpers/groups_helper.rb:3:in `reduce'
  Rendered groups/_group.html.erb (Duration: 24.4ms | Allocations: 727)
  [1m[36mEntity Exists? (0.5ms)[0m  [1m[34mSELECT 1 AS one FROM "entities" WHERE "entities"."group_id" = $1 LIMIT $2[0m  [["group_id", 1], ["LIMIT", 1]]
  ↳ app/views/groups/show.html.erb:9
  Rendered shared/_footer.html.erb (Duration: 0.1ms | Allocations: 36)
  Rendered groups/show.html.erb within layouts/application (Duration: 27.3ms | Allocations: 1602)
  Rendered layout layouts/application.html.erb (Duration: 30.5ms | Allocations: 2882)
Completed 200 OK in 37ms (Views: 7.9ms | ActiveRecord: 23.9ms | Allocations: 5014)


Started GET "/groups/1" for 127.0.0.1 at 2024-01-15 20:13:58 -0800
Processing by GroupsController#show as HTML
  Parameters: {"id"=>"1"}
  [1m[36mGroup Load (0.2ms)[0m  [1m[34mSELECT "groups".* FROM "groups" WHERE "groups"."id" = $1 LIMIT $2[0m  [["id", 1], ["LIMIT", 1]]
  ↳ app/controllers/groups_controller.rb:45:in `set_group'
  [1m[36mUser Load (0.2ms)[0m  [1m[34mSELECT "users".* FROM "users" WHERE "users"."id" = $1 ORDER BY "users"."id" ASC LIMIT $2[0m  [["id", 1], ["LIMIT", 1]]
  Rendering layout layouts/application.html.erb
  Rendering groups/show.html.erb within layouts/application
  Rendered shared/_header2.html.erb (Duration: 0.2ms | Allocations: 80)
  [1m[36mEntity Load (0.8ms)[0m  [1m[34mSELECT "entities".* FROM "entities" WHERE "entities"."group_id" = $1[0m  [["group_id", 1]]
  ↳ app/helpers/groups_helper.rb:3:in `reduce'
  Rendered groups/_group.html.erb (Duration: 4.8ms | Allocations: 727)
  [1m[36mEntity Exists? (0.8ms)[0m  [1m[34mSELECT 1 AS one FROM "entities" WHERE "entities"."group_id" = $1 LIMIT $2[0m  [["group_id", 1], ["LIMIT", 1]]
  ↳ app/views/groups/show.html.erb:9
  Rendered shared/_footer.html.erb (Duration: 0.1ms | Allocations: 36)
  Rendered groups/show.html.erb within layouts/application (Duration: 7.8ms | Allocations: 1602)
  Rendered layout layouts/application.html.erb (Duration: 10.2ms | Allocations: 2882)
Completed 200 OK in 18ms (Views: 9.2ms | ActiveRecord: 2.1ms | Allocations: 5008)


Started GET "/entities/new" for 127.0.0.1 at 2024-01-15 20:14:06 -0800
Processing by EntitiesController#new as HTML
  [1m[36mUser Load (0.2ms)[0m  [1m[34mSELECT "users".* FROM "users" WHERE "users"."id" = $1 ORDER BY "users"."id" ASC LIMIT $2[0m  [["id", 1], ["LIMIT", 1]]
  ↳ app/controllers/entities_controller.rb:4:in `new'
  Rendering layout layouts/application.html.erb
  Rendering entities/new.html.erb within layouts/application
  Rendered shared/_header2.html.erb (Duration: 0.4ms | Allocations: 147)
  [1m[36mGroup Load (0.4ms)[0m  [1m[34mSELECT "groups".* FROM "groups" WHERE "groups"."user_id" = $1[0m  [["user_id", 1]]
  ↳ app/views/entities/new.html.erb:13
  Rendered entities/new.html.erb within layouts/application (Duration: 26.6ms | Allocations: 2852)
  Rendered layout layouts/application.html.erb (Duration: 33.2ms | Allocations: 4325)
Completed 200 OK in 61ms (Views: 36.8ms | ActiveRecord: 2.0ms | Allocations: 8978)


Started POST "/entities" for 127.0.0.1 at 2024-01-15 20:14:29 -0800
Processing by EntitiesController#create as TURBO_STREAM
  Parameters: {"authenticity_token"=>"[FILTERED]", "entity"=>{"name"=>"Transaction1", "amount"=>"100", "group_id"=>"1"}, "commit"=>"Submit"}
  [1m[36mTRANSACTION (0.2ms)[0m  [1m[35mBEGIN[0m
  ↳ app/controllers/entities_controller.rb:8:in `create'
  [1m[36mGroup Load (0.2ms)[0m  [1m[34mSELECT "groups".* FROM "groups" WHERE "groups"."id" = $1 LIMIT $2[0m  [["id", 1], ["LIMIT", 1]]
  ↳ app/controllers/entities_controller.rb:8:in `create'
  [1m[36mTRANSACTION (4.7ms)[0m  [1m[31mROLLBACK[0m
  ↳ app/controllers/entities_controller.rb:8:in `create'
  [1m[36mUser Load (0.9ms)[0m  [1m[34mSELECT "users".* FROM "users" WHERE "users"."id" = $1 ORDER BY "users"."id" ASC LIMIT $2[0m  [["id", 1], ["LIMIT", 1]]
  ↳ app/controllers/entities_controller.rb:9:in `create'
  [1m[36mTRANSACTION (0.1ms)[0m  [1m[35mBEGIN[0m
  ↳ app/controllers/entities_controller.rb:11:in `block in create'
  [1m[36mUser Load (0.3ms)[0m  [1m[34mSELECT "users".* FROM "users" WHERE "users"."id" = $1 LIMIT $2[0m  [["id", 1], ["LIMIT", 1]]
  ↳ app/controllers/entities_controller.rb:11:in `block in create'
  [1m[36mEntity Create (7.9ms)[0m  [1m[32mINSERT INTO "entities" ("name", "amount", "created_at", "updated_at", "user_id", "group_id") VALUES ($1, $2, $3, $4, $5, $6) RETURNING "id"[0m  [["name", "Transaction1"], ["amount", 100.0], ["created_at", "2024-01-16 04:14:29.740337"], ["updated_at", "2024-01-16 04:14:29.740337"], ["user_id", 1], ["group_id", 1]]
  ↳ app/controllers/entities_controller.rb:11:in `block in create'
  [1m[36mTRANSACTION (1.8ms)[0m  [1m[35mCOMMIT[0m
  ↳ app/controllers/entities_controller.rb:11:in `block in create'
  [1m[36mGroup Load (6.2ms)[0m  [1m[34mSELECT "groups".* FROM "groups" WHERE "groups"."id" = $1 LIMIT $2[0m  [["id", 1], ["LIMIT", 1]]
  ↳ app/controllers/entities_controller.rb:13:in `block (2 levels) in create'
Redirected to http://127.0.0.1:3000/groups/1
Completed 302 Found in 112ms (ActiveRecord: 31.6ms | Allocations: 18750)


Started GET "/groups/1" for 127.0.0.1 at 2024-01-15 20:14:29 -0800
Processing by GroupsController#show as TURBO_STREAM
  Parameters: {"id"=>"1"}
  [1m[36mGroup Load (0.3ms)[0m  [1m[34mSELECT "groups".* FROM "groups" WHERE "groups"."id" = $1 LIMIT $2[0m  [["id", 1], ["LIMIT", 1]]
  ↳ app/controllers/groups_controller.rb:45:in `set_group'
  [1m[36mUser Load (0.3ms)[0m  [1m[34mSELECT "users".* FROM "users" WHERE "users"."id" = $1 ORDER BY "users"."id" ASC LIMIT $2[0m  [["id", 1], ["LIMIT", 1]]
  Rendering layout layouts/application.html.erb
  Rendering groups/show.html.erb within layouts/application
  Rendered shared/_header2.html.erb (Duration: 2.0ms | Allocations: 327)
  [1m[36mEntity Load (41.7ms)[0m  [1m[34mSELECT "entities".* FROM "entities" WHERE "entities"."group_id" = $1[0m  [["group_id", 1]]
  ↳ app/helpers/groups_helper.rb:3:in `reduce'
  Rendered groups/_group.html.erb (Duration: 47.6ms | Allocations: 1271)
  [1m[36mEntity Exists? (0.4ms)[0m  [1m[34mSELECT 1 AS one FROM "entities" WHERE "entities"."group_id" = $1 LIMIT $2[0m  [["group_id", 1], ["LIMIT", 1]]
  ↳ app/views/groups/show.html.erb:9
  [1m[36mEntity Load (0.4ms)[0m  [1m[34mSELECT "entities".* FROM "entities" WHERE "entities"."group_id" = $1 ORDER BY id DESC[0m  [["group_id", 1]]
  ↳ app/views/groups/show.html.erb:10
  Rendered shared/_footer.html.erb (Duration: 0.1ms | Allocations: 36)
  Rendered groups/show.html.erb within layouts/application (Duration: 61.6ms | Allocations: 3860)
  Rendered layout layouts/application.html.erb (Duration: 63.6ms | Allocations: 5267)
Completed 200 OK in 70ms (Views: 21.8ms | ActiveRecord: 43.1ms | Allocations: 7667)


Started GET "/entities/new" for 127.0.0.1 at 2024-01-15 20:15:09 -0800
Processing by EntitiesController#new as HTML
  [1m[36mUser Load (0.2ms)[0m  [1m[34mSELECT "users".* FROM "users" WHERE "users"."id" = $1 ORDER BY "users"."id" ASC LIMIT $2[0m  [["id", 1], ["LIMIT", 1]]
  ↳ app/controllers/entities_controller.rb:4:in `new'
  Rendering layout layouts/application.html.erb
  Rendering entities/new.html.erb within layouts/application
  Rendered shared/_header2.html.erb (Duration: 0.2ms | Allocations: 86)
  [1m[36mGroup Load (0.4ms)[0m  [1m[34mSELECT "groups".* FROM "groups" WHERE "groups"."user_id" = $1[0m  [["user_id", 1]]
  ↳ app/views/entities/new.html.erb:13
  Rendered entities/new.html.erb within layouts/application (Duration: 4.2ms | Allocations: 1408)
  Rendered layout layouts/application.html.erb (Duration: 7.7ms | Allocations: 2697)
Completed 200 OK in 11ms (Views: 7.8ms | ActiveRecord: 0.6ms | Allocations: 4043)


Started GET "/groups/new" for 127.0.0.1 at 2024-01-15 20:15:15 -0800
Processing by GroupsController#new as HTML
  [1m[36mUser Load (0.2ms)[0m  [1m[34mSELECT "users".* FROM "users" WHERE "users"."id" = $1 ORDER BY "users"."id" ASC LIMIT $2[0m  [["id", 1], ["LIMIT", 1]]
  Rendering layout layouts/application.html.erb
  Rendering groups/new.html.erb within layouts/application
  Rendered shared/_header2.html.erb (Duration: 0.4ms | Allocations: 80)
  Rendered groups/_form.html.erb (Duration: 56.8ms | Allocations: 3329)
  Rendered groups/new.html.erb within layouts/application (Duration: 64.6ms | Allocations: 3765)
  Rendered layout layouts/application.html.erb (Duration: 66.9ms | Allocations: 5171)
Completed 200 OK in 71ms (Views: 67.4ms | ActiveRecord: 0.2ms | Allocations: 6862)


Started POST "/groups" for 127.0.0.1 at 2024-01-15 20:15:46 -0800
  [1m[36mActiveRecord::SchemaMigration Pluck (1.0ms)[0m  [1m[34mSELECT "schema_migrations"."version" FROM "schema_migrations" ORDER BY "schema_migrations"."version" ASC[0m
Processing by GroupsController#create as TURBO_STREAM
  Parameters: {"authenticity_token"=>"[FILTERED]", "group"=>{"name"=>"Category2", "icon"=>"https://img.icons8.com/external-wanicon-flat-wanicon/344/external-make-up-beauty-cosmetics-wanicon-flat-wanicon.png"}, "commit"=>"Save Category"}
  [1m[36mUser Load (0.7ms)[0m  [1m[34mSELECT "users".* FROM "users" WHERE "users"."id" = $1 ORDER BY "users"."id" ASC LIMIT $2[0m  [["id", 1], ["LIMIT", 1]]
  [1m[36mTRANSACTION (0.2ms)[0m  [1m[35mBEGIN[0m
  ↳ app/controllers/groups_controller.rb:24:in `block in create'
  [1m[36mUser Load (0.2ms)[0m  [1m[34mSELECT "users".* FROM "users" WHERE "users"."id" = $1 LIMIT $2[0m  [["id", 1], ["LIMIT", 1]]
  ↳ app/controllers/groups_controller.rb:24:in `block in create'
  [1m[36mGroup Create (0.9ms)[0m  [1m[32mINSERT INTO "groups" ("name", "icon", "created_at", "updated_at", "user_id") VALUES ($1, $2, $3, $4, $5) RETURNING "id"[0m  [["name", "Category2"], ["icon", "https://img.icons8.com/external-wanicon-flat-wanicon/344/external-make-up-beauty-cosmetics-wanicon-flat-wanicon.png"], ["created_at", "2024-01-16 04:15:47.319409"], ["updated_at", "2024-01-16 04:15:47.319409"], ["user_id", 1]]
  ↳ app/controllers/groups_controller.rb:24:in `block in create'
  [1m[36mTRANSACTION (40.6ms)[0m  [1m[35mCOMMIT[0m
  ↳ app/controllers/groups_controller.rb:24:in `block in create'
Redirected to http://127.0.0.1:3000/groups/2
Completed 302 Found in 168ms (ActiveRecord: 55.1ms | Allocations: 24689)


Started GET "/groups/2" for 127.0.0.1 at 2024-01-15 20:15:47 -0800
Processing by GroupsController#show as TURBO_STREAM
  Parameters: {"id"=>"2"}
  [1m[36mGroup Load (0.4ms)[0m  [1m[34mSELECT "groups".* FROM "groups" WHERE "groups"."id" = $1 LIMIT $2[0m  [["id", 2], ["LIMIT", 1]]
  ↳ app/controllers/groups_controller.rb:45:in `set_group'
  [1m[36mUser Load (0.3ms)[0m  [1m[34mSELECT "users".* FROM "users" WHERE "users"."id" = $1 ORDER BY "users"."id" ASC LIMIT $2[0m  [["id", 1], ["LIMIT", 1]]
  Rendering layout layouts/application.html.erb
  Rendering groups/show.html.erb within layouts/application
  Rendered shared/_header2.html.erb (Duration: 2.4ms | Allocations: 399)
  [1m[36mEntity Load (0.6ms)[0m  [1m[34mSELECT "entities".* FROM "entities" WHERE "entities"."group_id" = $1[0m  [["group_id", 2]]
  ↳ app/helpers/groups_helper.rb:3:in `reduce'
  Rendered groups/_group.html.erb (Duration: 8.2ms | Allocations: 1243)
  [1m[36mEntity Exists? (1.5ms)[0m  [1m[34mSELECT 1 AS one FROM "entities" WHERE "entities"."group_id" = $1 LIMIT $2[0m  [["group_id", 2], ["LIMIT", 1]]
  ↳ app/views/groups/show.html.erb:9
  Rendered shared/_footer.html.erb (Duration: 2.2ms | Allocations: 153)
  Rendered groups/show.html.erb within layouts/application (Duration: 28.8ms | Allocations: 3845)
  Rendered layout layouts/application.html.erb (Duration: 322.4ms | Allocations: 35834)
Completed 200 OK in 379ms (Views: 330.2ms | ActiveRecord: 4.0ms | Allocations: 43592)


Started GET "/groups/2" for 127.0.0.1 at 2024-01-15 20:15:56 -0800
Processing by GroupsController#show as HTML
  Parameters: {"id"=>"2"}
  [1m[36mGroup Load (0.3ms)[0m  [1m[34mSELECT "groups".* FROM "groups" WHERE "groups"."id" = $1 LIMIT $2[0m  [["id", 2], ["LIMIT", 1]]
  ↳ app/controllers/groups_controller.rb:45:in `set_group'
  [1m[36mUser Load (0.4ms)[0m  [1m[34mSELECT "users".* FROM "users" WHERE "users"."id" = $1 ORDER BY "users"."id" ASC LIMIT $2[0m  [["id", 1], ["LIMIT", 1]]
  Rendering layout layouts/application.html.erb
  Rendering groups/show.html.erb within layouts/application
  Rendered shared/_header2.html.erb (Duration: 0.2ms | Allocations: 85)
  [1m[36mEntity Load (0.7ms)[0m  [1m[34mSELECT "entities".* FROM "entities" WHERE "entities"."group_id" = $1[0m  [["group_id", 2]]
  ↳ app/helpers/groups_helper.rb:3:in `reduce'
  Rendered groups/_group.html.erb (Duration: 2.4ms | Allocations: 727)
  [1m[36mEntity Exists? (0.7ms)[0m  [1m[34mSELECT 1 AS one FROM "entities" WHERE "entities"."group_id" = $1 LIMIT $2[0m  [["group_id", 2], ["LIMIT", 1]]
  ↳ app/views/groups/show.html.erb:9
  Rendered shared/_footer.html.erb (Duration: 0.1ms | Allocations: 36)
  Rendered groups/show.html.erb within layouts/application (Duration: 6.2ms | Allocations: 1614)
  Rendered layout layouts/application.html.erb (Duration: 8.9ms | Allocations: 2901)
Completed 200 OK in 16ms (Views: 8.2ms | ActiveRecord: 2.1ms | Allocations: 5168)


Started GET "/groups/new" for 127.0.0.1 at 2024-01-15 20:16:00 -0800
Processing by GroupsController#new as HTML
  [1m[36mUser Load (0.3ms)[0m  [1m[34mSELECT "users".* FROM "users" WHERE "users"."id" = $1 ORDER BY "users"."id" ASC LIMIT $2[0m  [["id", 1], ["LIMIT", 1]]
  Rendering layout layouts/application.html.erb
  Rendering groups/new.html.erb within layouts/application
  Rendered shared/_header2.html.erb (Duration: 1.4ms | Allocations: 80)
  Rendered groups/_form.html.erb (Duration: 9.4ms | Allocations: 1359)
  Rendered groups/new.html.erb within layouts/application (Duration: 14.6ms | Allocations: 1768)
  Rendered layout layouts/application.html.erb (Duration: 16.8ms | Allocations: 3175)
Completed 200 OK in 22ms (Views: 17.6ms | ActiveRecord: 0.3ms | Allocations: 4859)


Started GET "/groups" for 127.0.0.1 at 2024-01-15 20:16:01 -0800
Processing by GroupsController#index as HTML
  [1m[36mUser Load (0.3ms)[0m  [1m[34mSELECT "users".* FROM "users" WHERE "users"."id" = $1 ORDER BY "users"."id" ASC LIMIT $2[0m  [["id", 1], ["LIMIT", 1]]
  Rendering layout layouts/application.html.erb
  Rendering groups/index.html.erb within layouts/application
  Rendered shared/_header.html.erb (Duration: 2.8ms | Allocations: 269)
  [1m[36mGroup Exists? (5.6ms)[0m  [1m[34mSELECT 1 AS one FROM "groups" WHERE "groups"."user_id" = $1 LIMIT $2[0m  [["user_id", 1], ["LIMIT", 1]]
  ↳ app/views/groups/index.html.erb:10
  [1m[36mGroup Load (7.2ms)[0m  [1m[34mSELECT "groups".* FROM "groups" WHERE "groups"."user_id" = $1 ORDER BY id DESC[0m  [["user_id", 1]]
  ↳ app/views/groups/index.html.erb:11
  [1m[36mEntity Load (0.9ms)[0m  [1m[34mSELECT "entities".* FROM "entities" WHERE "entities"."group_id" = $1[0m  [["group_id", 2]]
  ↳ app/helpers/groups_helper.rb:3:in `reduce'
  Rendered groups/_group.html.erb (Duration: 4.4ms | Allocations: 754)
  [1m[36mEntity Load (2.2ms)[0m  [1m[34mSELECT "entities".* FROM "entities" WHERE "entities"."group_id" = $1[0m  [["group_id", 1]]
  ↳ app/helpers/groups_helper.rb:3:in `reduce'
  Rendered groups/_group.html.erb (Duration: 22.4ms | Allocations: 3397)
  Rendered shared/_footer.html.erb (Duration: 0.2ms | Allocations: 36)
  Rendered groups/index.html.erb within layouts/application (Duration: 51.4ms | Allocations: 6408)
  Rendered layout layouts/application.html.erb (Duration: 55.0ms | Allocations: 7698)
Completed 200 OK in 61ms (Views: 37.0ms | ActiveRecord: 19.5ms | Allocations: 9670)


Started GET "/groups/2" for 127.0.0.1 at 2024-01-15 20:16:11 -0800
Processing by GroupsController#show as HTML
  Parameters: {"id"=>"2"}
  [1m[36mGroup Load (0.3ms)[0m  [1m[34mSELECT "groups".* FROM "groups" WHERE "groups"."id" = $1 LIMIT $2[0m  [["id", 2], ["LIMIT", 1]]
  ↳ app/controllers/groups_controller.rb:45:in `set_group'
  [1m[36mUser Load (0.6ms)[0m  [1m[34mSELECT "users".* FROM "users" WHERE "users"."id" = $1 ORDER BY "users"."id" ASC LIMIT $2[0m  [["id", 1], ["LIMIT", 1]]
  Rendering layout layouts/application.html.erb
  Rendering groups/show.html.erb within layouts/application
  Rendered shared/_header2.html.erb (Duration: 0.2ms | Allocations: 82)
  [1m[36mEntity Load (27.4ms)[0m  [1m[34mSELECT "entities".* FROM "entities" WHERE "entities"."group_id" = $1[0m  [["group_id", 2]]
  ↳ app/helpers/groups_helper.rb:3:in `reduce'
  Rendered groups/_group.html.erb (Duration: 30.1ms | Allocations: 727)
  [1m[36mEntity Exists? (4.4ms)[0m  [1m[34mSELECT 1 AS one FROM "entities" WHERE "entities"."group_id" = $1 LIMIT $2[0m  [["group_id", 2], ["LIMIT", 1]]
  ↳ app/views/groups/show.html.erb:9
  Rendered shared/_footer.html.erb (Duration: 0.1ms | Allocations: 36)
  Rendered groups/show.html.erb within layouts/application (Duration: 39.2ms | Allocations: 1604)
  Rendered layout layouts/application.html.erb (Duration: 44.8ms | Allocations: 2885)
Completed 200 OK in 52ms (Views: 13.5ms | ActiveRecord: 32.8ms | Allocations: 5032)


Started GET "/entities/new" for 127.0.0.1 at 2024-01-15 20:16:15 -0800
Processing by EntitiesController#new as HTML
  [1m[36mUser Load (0.2ms)[0m  [1m[34mSELECT "users".* FROM "users" WHERE "users"."id" = $1 ORDER BY "users"."id" ASC LIMIT $2[0m  [["id", 1], ["LIMIT", 1]]
  ↳ app/controllers/entities_controller.rb:4:in `new'
  Rendering layout layouts/application.html.erb
  Rendering entities/new.html.erb within layouts/application
  Rendered shared/_header2.html.erb (Duration: 0.3ms | Allocations: 147)
  [1m[36mGroup Load (0.3ms)[0m  [1m[34mSELECT "groups".* FROM "groups" WHERE "groups"."user_id" = $1[0m  [["user_id", 1]]
  ↳ app/views/entities/new.html.erb:13
  Rendered entities/new.html.erb within layouts/application (Duration: 12.1ms | Allocations: 2435)
  Rendered layout layouts/application.html.erb (Duration: 14.5ms | Allocations: 3908)
Completed 200 OK in 20ms (Views: 15.9ms | ActiveRecord: 0.5ms | Allocations: 5957)


Started GET "/groups/2" for 127.0.0.1 at 2024-01-15 20:17:04 -0800
Processing by GroupsController#show as HTML
  Parameters: {"id"=>"2"}
  [1m[36mGroup Load (0.3ms)[0m  [1m[34mSELECT "groups".* FROM "groups" WHERE "groups"."id" = $1 LIMIT $2[0m  [["id", 2], ["LIMIT", 1]]
  ↳ app/controllers/groups_controller.rb:45:in `set_group'
  [1m[36mUser Load (0.2ms)[0m  [1m[34mSELECT "users".* FROM "users" WHERE "users"."id" = $1 ORDER BY "users"."id" ASC LIMIT $2[0m  [["id", 1], ["LIMIT", 1]]
  Rendering layout layouts/application.html.erb
  Rendering groups/show.html.erb within layouts/application
  Rendered shared/_header2.html.erb (Duration: 0.2ms | Allocations: 86)
  [1m[36mEntity Load (4.7ms)[0m  [1m[34mSELECT "entities".* FROM "entities" WHERE "entities"."group_id" = $1[0m  [["group_id", 2]]
  ↳ app/helpers/groups_helper.rb:3:in `reduce'
  Rendered groups/_group.html.erb (Duration: 7.0ms | Allocations: 751)
  [1m[36mEntity Exists? (0.4ms)[0m  [1m[34mSELECT 1 AS one FROM "entities" WHERE "entities"."group_id" = $1 LIMIT $2[0m  [["group_id", 2], ["LIMIT", 1]]
  ↳ app/views/groups/show.html.erb:9
  Rendered shared/_footer.html.erb (Duration: 0.1ms | Allocations: 36)
  Rendered groups/show.html.erb within layouts/application (Duration: 12.4ms | Allocations: 1652)
  Rendered layout layouts/application.html.erb (Duration: 14.6ms | Allocations: 2933)
Completed 200 OK in 47ms (Views: 10.1ms | ActiveRecord: 5.7ms | Allocations: 5185)


Started GET "/entities/new" for 127.0.0.1 at 2024-01-15 20:17:16 -0800
Processing by EntitiesController#new as HTML
  [1m[36mUser Load (0.2ms)[0m  [1m[34mSELECT "users".* FROM "users" WHERE "users"."id" = $1 ORDER BY "users"."id" ASC LIMIT $2[0m  [["id", 1], ["LIMIT", 1]]
  ↳ app/controllers/entities_controller.rb:4:in `new'
  Rendering layout layouts/application.html.erb
  Rendering entities/new.html.erb within layouts/application
  Rendered shared/_header2.html.erb (Duration: 0.3ms | Allocations: 80)
  [1m[36mGroup Load (2.5ms)[0m  [1m[34mSELECT "groups".* FROM "groups" WHERE "groups"."user_id" = $1[0m  [["user_id", 1]]
  ↳ app/views/entities/new.html.erb:13
  Rendered entities/new.html.erb within layouts/application (Duration: 7.2ms | Allocations: 1439)
  Rendered layout layouts/application.html.erb (Duration: 24.8ms | Allocations: 2727)
Completed 200 OK in 30ms (Views: 24.0ms | ActiveRecord: 2.7ms | Allocations: 3968)


Started POST "/entities" for 127.0.0.1 at 2024-01-15 20:17:34 -0800
Processing by EntitiesController#create as TURBO_STREAM
  Parameters: {"authenticity_token"=>"[FILTERED]", "entity"=>{"name"=>"transaction2", "amount"=>"200", "group_id"=>"1"}, "commit"=>"Submit"}
  [1m[36mTRANSACTION (0.3ms)[0m  [1m[35mBEGIN[0m
  ↳ app/controllers/entities_controller.rb:8:in `create'
  [1m[36mGroup Load (0.3ms)[0m  [1m[34mSELECT "groups".* FROM "groups" WHERE "groups"."id" = $1 LIMIT $2[0m  [["id", 1], ["LIMIT", 1]]
  ↳ app/controllers/entities_controller.rb:8:in `create'
  [1m[36mTRANSACTION (0.2ms)[0m  [1m[31mROLLBACK[0m
  ↳ app/controllers/entities_controller.rb:8:in `create'
  [1m[36mUser Load (1.0ms)[0m  [1m[34mSELECT "users".* FROM "users" WHERE "users"."id" = $1 ORDER BY "users"."id" ASC LIMIT $2[0m  [["id", 1], ["LIMIT", 1]]
  ↳ app/controllers/entities_controller.rb:9:in `create'
  [1m[36mTRANSACTION (6.9ms)[0m  [1m[35mBEGIN[0m
  ↳ app/controllers/entities_controller.rb:11:in `block in create'
  [1m[36mUser Load (0.5ms)[0m  [1m[34mSELECT "users".* FROM "users" WHERE "users"."id" = $1 LIMIT $2[0m  [["id", 1], ["LIMIT", 1]]
  ↳ app/controllers/entities_controller.rb:11:in `block in create'
  [1m[36mEntity Create (4.2ms)[0m  [1m[32mINSERT INTO "entities" ("name", "amount", "created_at", "updated_at", "user_id", "group_id") VALUES ($1, $2, $3, $4, $5, $6) RETURNING "id"[0m  [["name", "transaction2"], ["amount", 200.0], ["created_at", "2024-01-16 04:17:34.800817"], ["updated_at", "2024-01-16 04:17:34.800817"], ["user_id", 1], ["group_id", 1]]
  ↳ app/controllers/entities_controller.rb:11:in `block in create'
  [1m[36mTRANSACTION (7.7ms)[0m  [1m[35mCOMMIT[0m
  ↳ app/controllers/entities_controller.rb:11:in `block in create'
  [1m[36mGroup Load (46.9ms)[0m  [1m[34mSELECT "groups".* FROM "groups" WHERE "groups"."id" = $1 LIMIT $2[0m  [["id", 1], ["LIMIT", 1]]
  ↳ app/controllers/entities_controller.rb:13:in `block (2 levels) in create'
Redirected to http://127.0.0.1:3000/groups/1
Completed 302 Found in 96ms (ActiveRecord: 67.9ms | Allocations: 9886)


Started GET "/groups/1" for 127.0.0.1 at 2024-01-15 20:17:34 -0800
Processing by GroupsController#show as TURBO_STREAM
  Parameters: {"id"=>"1"}
  [1m[36mGroup Load (0.2ms)[0m  [1m[34mSELECT "groups".* FROM "groups" WHERE "groups"."id" = $1 LIMIT $2[0m  [["id", 1], ["LIMIT", 1]]
  ↳ app/controllers/groups_controller.rb:45:in `set_group'
  [1m[36mUser Load (9.0ms)[0m  [1m[34mSELECT "users".* FROM "users" WHERE "users"."id" = $1 ORDER BY "users"."id" ASC LIMIT $2[0m  [["id", 1], ["LIMIT", 1]]
  Rendering layout layouts/application.html.erb
  Rendering groups/show.html.erb within layouts/application
  Rendered shared/_header2.html.erb (Duration: 0.6ms | Allocations: 80)
  [1m[36mEntity Load (0.2ms)[0m  [1m[34mSELECT "entities".* FROM "entities" WHERE "entities"."group_id" = $1[0m  [["group_id", 1]]
  ↳ app/helpers/groups_helper.rb:3:in `reduce'
  Rendered groups/_group.html.erb (Duration: 3.4ms | Allocations: 754)
  [1m[36mEntity Exists? (7.1ms)[0m  [1m[34mSELECT 1 AS one FROM "entities" WHERE "entities"."group_id" = $1 LIMIT $2[0m  [["group_id", 1], ["LIMIT", 1]]
  ↳ app/views/groups/show.html.erb:9
  [1m[36mEntity Load (0.4ms)[0m  [1m[34mSELECT "entities".* FROM "entities" WHERE "entities"."group_id" = $1 ORDER BY id DESC[0m  [["group_id", 1]]
  ↳ app/views/groups/show.html.erb:10
  Rendered shared/_footer.html.erb (Duration: 0.1ms | Allocations: 36)
  Rendered groups/show.html.erb within layouts/application (Duration: 16.5ms | Allocations: 2291)
  Rendered layout layouts/application.html.erb (Duration: 19.8ms | Allocations: 3577)
Completed 200 OK in 36ms (Views: 12.7ms | ActiveRecord: 16.9ms | Allocations: 5743)


Started GET "/groups" for 127.0.0.1 at 2024-01-15 20:17:46 -0800
Processing by GroupsController#index as HTML
  [1m[36mUser Load (0.2ms)[0m  [1m[34mSELECT "users".* FROM "users" WHERE "users"."id" = $1 ORDER BY "users"."id" ASC LIMIT $2[0m  [["id", 1], ["LIMIT", 1]]
  Rendering layout layouts/application.html.erb
  Rendering groups/index.html.erb within layouts/application
  Rendered shared/_header.html.erb (Duration: 0.3ms | Allocations: 75)
  [1m[36mGroup Exists? (0.6ms)[0m  [1m[34mSELECT 1 AS one FROM "groups" WHERE "groups"."user_id" = $1 LIMIT $2[0m  [["user_id", 1], ["LIMIT", 1]]
  ↳ app/views/groups/index.html.erb:10
  [1m[36mGroup Load (0.4ms)[0m  [1m[34mSELECT "groups".* FROM "groups" WHERE "groups"."user_id" = $1 ORDER BY id DESC[0m  [["user_id", 1]]
  ↳ app/views/groups/index.html.erb:11
  [1m[36mEntity Load (0.2ms)[0m  [1m[34mSELECT "entities".* FROM "entities" WHERE "entities"."group_id" = $1[0m  [["group_id", 2]]
  ↳ app/helpers/groups_helper.rb:3:in `reduce'
  Rendered groups/_group.html.erb (Duration: 2.5ms | Allocations: 730)
  [1m[36mEntity Load (1.4ms)[0m  [1m[34mSELECT "entities".* FROM "entities" WHERE "entities"."group_id" = $1[0m  [["group_id", 1]]
  ↳ app/helpers/groups_helper.rb:3:in `reduce'
  Rendered groups/_group.html.erb (Duration: 3.2ms | Allocations: 759)
  Rendered shared/_footer.html.erb (Duration: 0.2ms | Allocations: 36)
  Rendered groups/index.html.erb within layouts/application (Duration: 11.5ms | Allocations: 3029)
  Rendered layout layouts/application.html.erb (Duration: 15.1ms | Allocations: 4317)
Completed 200 OK in 20ms (Views: 13.1ms | ActiveRecord: 2.8ms | Allocations: 5941)


Started GET "/groups/1" for 127.0.0.1 at 2024-01-15 20:19:12 -0800
Processing by GroupsController#show as HTML
  Parameters: {"id"=>"1"}
  [1m[36mGroup Load (0.3ms)[0m  [1m[34mSELECT "groups".* FROM "groups" WHERE "groups"."id" = $1 LIMIT $2[0m  [["id", 1], ["LIMIT", 1]]
  ↳ app/controllers/groups_controller.rb:45:in `set_group'
  [1m[36mUser Load (7.1ms)[0m  [1m[34mSELECT "users".* FROM "users" WHERE "users"."id" = $1 ORDER BY "users"."id" ASC LIMIT $2[0m  [["id", 1], ["LIMIT", 1]]
  Rendering layout layouts/application.html.erb
  Rendering groups/show.html.erb within layouts/application
  Rendered shared/_header2.html.erb (Duration: 0.2ms | Allocations: 87)
  [1m[36mEntity Load (7.0ms)[0m  [1m[34mSELECT "entities".* FROM "entities" WHERE "entities"."group_id" = $1[0m  [["group_id", 1]]
  ↳ app/helpers/groups_helper.rb:3:in `reduce'
  Rendered groups/_group.html.erb (Duration: 10.1ms | Allocations: 795)
  [1m[36mEntity Exists? (7.8ms)[0m  [1m[34mSELECT 1 AS one FROM "entities" WHERE "entities"."group_id" = $1 LIMIT $2[0m  [["group_id", 1], ["LIMIT", 1]]
  ↳ app/views/groups/show.html.erb:9
  [1m[36mEntity Load (4.7ms)[0m  [1m[34mSELECT "entities".* FROM "entities" WHERE "entities"."group_id" = $1 ORDER BY id DESC[0m  [["group_id", 1]]
  ↳ app/views/groups/show.html.erb:10
  Rendered shared/_footer.html.erb (Duration: 0.1ms | Allocations: 36)
  Rendered groups/show.html.erb within layouts/application (Duration: 27.7ms | Allocations: 2354)
  Rendered layout layouts/application.html.erb (Duration: 31.6ms | Allocations: 3640)
Completed 200 OK in 47ms (Views: 12.9ms | ActiveRecord: 27.0ms | Allocations: 5988)


Started GET "/groups/2" for 127.0.0.1 at 2024-01-15 20:20:26 -0800
Processing by GroupsController#show as HTML
  Parameters: {"id"=>"2"}
  [1m[36mGroup Load (0.2ms)[0m  [1m[34mSELECT "groups".* FROM "groups" WHERE "groups"."id" = $1 LIMIT $2[0m  [["id", 2], ["LIMIT", 1]]
  ↳ app/controllers/groups_controller.rb:45:in `set_group'
  [1m[36mUser Load (0.3ms)[0m  [1m[34mSELECT "users".* FROM "users" WHERE "users"."id" = $1 ORDER BY "users"."id" ASC LIMIT $2[0m  [["id", 1], ["LIMIT", 1]]
  Rendering layout layouts/application.html.erb
  Rendering groups/show.html.erb within layouts/application
  Rendered shared/_header2.html.erb (Duration: 0.2ms | Allocations: 80)
  [1m[36mEntity Load (0.2ms)[0m  [1m[34mSELECT "entities".* FROM "entities" WHERE "entities"."group_id" = $1[0m  [["group_id", 2]]
  ↳ app/helpers/groups_helper.rb:3:in `reduce'
  Rendered groups/_group.html.erb (Duration: 1.7ms | Allocations: 727)
  [1m[36mEntity Exists? (0.3ms)[0m  [1m[34mSELECT 1 AS one FROM "entities" WHERE "entities"."group_id" = $1 LIMIT $2[0m  [["group_id", 2], ["LIMIT", 1]]
  ↳ app/views/groups/show.html.erb:9
  Rendered shared/_footer.html.erb (Duration: 0.1ms | Allocations: 36)
  Rendered groups/show.html.erb within layouts/application (Duration: 4.5ms | Allocations: 1602)
  Rendered layout layouts/application.html.erb (Duration: 8.5ms | Allocations: 2882)
Completed 200 OK in 16ms (Views: 8.4ms | ActiveRecord: 1.1ms | Allocations: 5005)


Started GET "/groups/2" for 127.0.0.1 at 2024-01-15 20:23:43 -0800
Processing by GroupsController#show as HTML
  Parameters: {"id"=>"2"}
  [1m[36mGroup Load (0.2ms)[0m  [1m[34mSELECT "groups".* FROM "groups" WHERE "groups"."id" = $1 LIMIT $2[0m  [["id", 2], ["LIMIT", 1]]
  ↳ app/controllers/groups_controller.rb:45:in `set_group'
  [1m[36mUser Load (0.3ms)[0m  [1m[34mSELECT "users".* FROM "users" WHERE "users"."id" = $1 ORDER BY "users"."id" ASC LIMIT $2[0m  [["id", 1], ["LIMIT", 1]]
  Rendering layout layouts/application.html.erb
  Rendering groups/show.html.erb within layouts/application
  Rendered shared/_header2.html.erb (Duration: 3.6ms | Allocations: 335)
  [1m[36mEntity Load (1.1ms)[0m  [1m[34mSELECT "entities".* FROM "entities" WHERE "entities"."group_id" = $1[0m  [["group_id", 2]]
  ↳ app/helpers/groups_helper.rb:3:in `reduce'
  Rendered groups/_group.html.erb (Duration: 11.7ms | Allocations: 1070)
  [1m[36mEntity Exists? (2.4ms)[0m  [1m[34mSELECT 1 AS one FROM "entities" WHERE "entities"."group_id" = $1 LIMIT $2[0m  [["group_id", 2], ["LIMIT", 1]]
  ↳ app/views/groups/show.html.erb:9
  Rendered shared/_footer.html.erb (Duration: 7.7ms | Allocations: 150)
  Rendered groups/show.html.erb within layouts/application (Duration: 32.6ms | Allocations: 2903)
  Rendered layout layouts/application.html.erb (Duration: 50.5ms | Allocations: 4560)
Completed 200 OK in 63ms (Views: 52.4ms | ActiveRecord: 3.9ms | Allocations: 7354)


Started GET "/groups/2" for 127.0.0.1 at 2024-01-15 20:23:54 -0800
Processing by GroupsController#show as HTML
  Parameters: {"id"=>"2"}
  [1m[36mGroup Load (0.2ms)[0m  [1m[34mSELECT "groups".* FROM "groups" WHERE "groups"."id" = $1 LIMIT $2[0m  [["id", 2], ["LIMIT", 1]]
  ↳ app/controllers/groups_controller.rb:45:in `set_group'
  [1m[36mUser Load (0.3ms)[0m  [1m[34mSELECT "users".* FROM "users" WHERE "users"."id" = $1 ORDER BY "users"."id" ASC LIMIT $2[0m  [["id", 1], ["LIMIT", 1]]
  Rendering layout layouts/application.html.erb
  Rendering groups/show.html.erb within layouts/application
  Rendered shared/_header2.html.erb (Duration: 3.4ms | Allocations: 80)
  [1m[36mEntity Load (0.3ms)[0m  [1m[34mSELECT "entities".* FROM "entities" WHERE "entities"."group_id" = $1[0m  [["group_id", 2]]
  ↳ app/helpers/groups_helper.rb:3:in `reduce'
  Rendered groups/_group.html.erb (Duration: 6.6ms | Allocations: 727)
  [1m[36mEntity Exists? (0.9ms)[0m  [1m[34mSELECT 1 AS one FROM "entities" WHERE "entities"."group_id" = $1 LIMIT $2[0m  [["group_id", 2], ["LIMIT", 1]]
  ↳ app/views/groups/show.html.erb:9
  Rendered shared/_footer.html.erb (Duration: 0.2ms | Allocations: 36)
  Rendered groups/show.html.erb within layouts/application (Duration: 16.5ms | Allocations: 1602)
  Rendered layout layouts/application.html.erb (Duration: 27.7ms | Allocations: 2882)
Completed 200 OK in 55ms (Views: 27.2ms | ActiveRecord: 1.6ms | Allocations: 5100)


Started GET "/groups/2" for 127.0.0.1 at 2024-01-15 20:23:57 -0800
Processing by GroupsController#show as HTML
  Parameters: {"id"=>"2"}
  [1m[36mGroup Load (0.2ms)[0m  [1m[34mSELECT "groups".* FROM "groups" WHERE "groups"."id" = $1 LIMIT $2[0m  [["id", 2], ["LIMIT", 1]]
  ↳ app/controllers/groups_controller.rb:45:in `set_group'
  [1m[36mUser Load (0.5ms)[0m  [1m[34mSELECT "users".* FROM "users" WHERE "users"."id" = $1 ORDER BY "users"."id" ASC LIMIT $2[0m  [["id", 1], ["LIMIT", 1]]
  Rendering layout layouts/application.html.erb
  Rendering groups/show.html.erb within layouts/application
  Rendered shared/_header2.html.erb (Duration: 0.5ms | Allocations: 80)
  [1m[36mEntity Load (0.2ms)[0m  [1m[34mSELECT "entities".* FROM "entities" WHERE "entities"."group_id" = $1[0m  [["group_id", 2]]
  ↳ app/helpers/groups_helper.rb:3:in `reduce'
  Rendered groups/_group.html.erb (Duration: 2.0ms | Allocations: 727)
  [1m[36mEntity Exists? (3.7ms)[0m  [1m[34mSELECT 1 AS one FROM "entities" WHERE "entities"."group_id" = $1 LIMIT $2[0m  [["group_id", 2], ["LIMIT", 1]]
  ↳ app/views/groups/show.html.erb:9
  Rendered shared/_footer.html.erb (Duration: 0.1ms | Allocations: 36)
  Rendered groups/show.html.erb within layouts/application (Duration: 8.5ms | Allocations: 1602)
  Rendered layout layouts/application.html.erb (Duration: 10.5ms | Allocations: 2888)
Completed 200 OK in 16ms (Views: 7.1ms | ActiveRecord: 4.6ms | Allocations: 5021)


Started GET "/groups" for 127.0.0.1 at 2024-01-15 20:24:05 -0800
Processing by GroupsController#index as HTML
  [1m[36mUser Load (0.2ms)[0m  [1m[34mSELECT "users".* FROM "users" WHERE "users"."id" = $1 ORDER BY "users"."id" ASC LIMIT $2[0m  [["id", 1], ["LIMIT", 1]]
  Rendering layout layouts/application.html.erb
  Rendering groups/index.html.erb within layouts/application
  Rendered shared/_header.html.erb (Duration: 2.3ms | Allocations: 256)
  [1m[36mGroup Exists? (0.4ms)[0m  [1m[34mSELECT 1 AS one FROM "groups" WHERE "groups"."user_id" = $1 LIMIT $2[0m  [["user_id", 1], ["LIMIT", 1]]
  ↳ app/views/groups/index.html.erb:10
  [1m[36mGroup Load (1.2ms)[0m  [1m[34mSELECT "groups".* FROM "groups" WHERE "groups"."user_id" = $1 ORDER BY id DESC[0m  [["user_id", 1]]
  ↳ app/views/groups/index.html.erb:11
  [1m[36mEntity Load (1.8ms)[0m  [1m[34mSELECT "entities".* FROM "entities" WHERE "entities"."group_id" = $1[0m  [["group_id", 2]]
  ↳ app/helpers/groups_helper.rb:3:in `reduce'
  Rendered groups/_group.html.erb (Duration: 3.9ms | Allocations: 730)
  [1m[36mEntity Load (0.3ms)[0m  [1m[34mSELECT "entities".* FROM "entities" WHERE "entities"."group_id" = $1[0m  [["group_id", 1]]
  ↳ app/helpers/groups_helper.rb:3:in `reduce'
  Rendered groups/_group.html.erb (Duration: 1.8ms | Allocations: 760)
  Rendered shared/_footer.html.erb (Duration: 0.1ms | Allocations: 36)
  Rendered groups/index.html.erb within layouts/application (Duration: 16.7ms | Allocations: 3577)
  Rendered layout layouts/application.html.erb (Duration: 19.2ms | Allocations: 4870)
Completed 200 OK in 25ms (Views: 16.2ms | ActiveRecord: 3.8ms | Allocations: 6562)


Started GET "/groups/1" for 127.0.0.1 at 2024-01-15 20:24:07 -0800
Processing by GroupsController#show as HTML
  Parameters: {"id"=>"1"}
  [1m[36mGroup Load (0.2ms)[0m  [1m[34mSELECT "groups".* FROM "groups" WHERE "groups"."id" = $1 LIMIT $2[0m  [["id", 1], ["LIMIT", 1]]
  ↳ app/controllers/groups_controller.rb:45:in `set_group'
  [1m[36mUser Load (0.2ms)[0m  [1m[34mSELECT "users".* FROM "users" WHERE "users"."id" = $1 ORDER BY "users"."id" ASC LIMIT $2[0m  [["id", 1], ["LIMIT", 1]]
  Rendering layout layouts/application.html.erb
  Rendering groups/show.html.erb within layouts/application
  Rendered shared/_header2.html.erb (Duration: 0.2ms | Allocations: 80)
  [1m[36mEntity Load (0.6ms)[0m  [1m[34mSELECT "entities".* FROM "entities" WHERE "entities"."group_id" = $1[0m  [["group_id", 1]]
  ↳ app/helpers/groups_helper.rb:3:in `reduce'
  Rendered groups/_group.html.erb (Duration: 2.5ms | Allocations: 754)
  [1m[36mEntity Exists? (0.6ms)[0m  [1m[34mSELECT 1 AS one FROM "entities" WHERE "entities"."group_id" = $1 LIMIT $2[0m  [["group_id", 1], ["LIMIT", 1]]
  ↳ app/views/groups/show.html.erb:9
  [1m[36mEntity Load (5.3ms)[0m  [1m[34mSELECT "entities".* FROM "entities" WHERE "entities"."group_id" = $1 ORDER BY id DESC[0m  [["group_id", 1]]
  ↳ app/views/groups/show.html.erb:10
  Rendered shared/_footer.html.erb (Duration: 0.1ms | Allocations: 36)
  Rendered groups/show.html.erb within layouts/application (Duration: 12.5ms | Allocations: 2274)
  Rendered layout layouts/application.html.erb (Duration: 14.6ms | Allocations: 3554)
Completed 200 OK in 20ms (Views: 8.6ms | ActiveRecord: 6.9ms | Allocations: 5672)


Started GET "/groups/2" for 127.0.0.1 at 2024-01-15 20:24:18 -0800
Processing by GroupsController#show as HTML
  Parameters: {"id"=>"2"}
  [1m[36mGroup Load (0.2ms)[0m  [1m[34mSELECT "groups".* FROM "groups" WHERE "groups"."id" = $1 LIMIT $2[0m  [["id", 2], ["LIMIT", 1]]
  ↳ app/controllers/groups_controller.rb:45:in `set_group'
  [1m[36mUser Load (0.5ms)[0m  [1m[34mSELECT "users".* FROM "users" WHERE "users"."id" = $1 ORDER BY "users"."id" ASC LIMIT $2[0m  [["id", 1], ["LIMIT", 1]]
  Rendering layout layouts/application.html.erb
  Rendering groups/show.html.erb within layouts/application
  Rendered shared/_header2.html.erb (Duration: 1.2ms | Allocations: 80)
  [1m[36mEntity Load (0.7ms)[0m  [1m[34mSELECT "entities".* FROM "entities" WHERE "entities"."group_id" = $1[0m  [["group_id", 2]]
  ↳ app/helpers/groups_helper.rb:3:in `reduce'
  Rendered groups/_group.html.erb (Duration: 3.2ms | Allocations: 727)
  [1m[36mEntity Exists? (0.8ms)[0m  [1m[34mSELECT 1 AS one FROM "entities" WHERE "entities"."group_id" = $1 LIMIT $2[0m  [["group_id", 2], ["LIMIT", 1]]
  ↳ app/views/groups/show.html.erb:9
  Rendered shared/_footer.html.erb (Duration: 0.1ms | Allocations: 36)
  Rendered groups/show.html.erb within layouts/application (Duration: 7.5ms | Allocations: 1602)
  Rendered layout layouts/application.html.erb (Duration: 11.4ms | Allocations: 2882)
Completed 200 OK in 22ms (Views: 14.4ms | ActiveRecord: 2.1ms | Allocations: 5014)


Started GET "/entities/new" for 127.0.0.1 at 2024-01-15 20:24:24 -0800
Processing by EntitiesController#new as HTML
  [1m[36mUser Load (0.2ms)[0m  [1m[34mSELECT "users".* FROM "users" WHERE "users"."id" = $1 ORDER BY "users"."id" ASC LIMIT $2[0m  [["id", 1], ["LIMIT", 1]]
  ↳ app/controllers/entities_controller.rb:4:in `new'
  Rendering layout layouts/application.html.erb
  Rendering entities/new.html.erb within layouts/application
  Rendered shared/_header2.html.erb (Duration: 0.2ms | Allocations: 141)
  [1m[36mGroup Load (0.4ms)[0m  [1m[34mSELECT "groups".* FROM "groups" WHERE "groups"."user_id" = $1[0m  [["user_id", 1]]
  ↳ app/views/entities/new.html.erb:13
  Rendered entities/new.html.erb within layouts/application (Duration: 5.7ms | Allocations: 2004)
  Rendered layout layouts/application.html.erb (Duration: 8.4ms | Allocations: 3472)
Completed 200 OK in 15ms (Views: 10.1ms | ActiveRecord: 0.6ms | Allocations: 5082)


Started POST "/entities" for 127.0.0.1 at 2024-01-15 20:24:43 -0800
Processing by EntitiesController#create as TURBO_STREAM
  Parameters: {"authenticity_token"=>"[FILTERED]", "entity"=>{"name"=>"transaction 3", "amount"=>"250", "group_id"=>"2"}, "commit"=>"Submit"}
  [1m[36mTRANSACTION (0.1ms)[0m  [1m[35mBEGIN[0m
  ↳ app/controllers/entities_controller.rb:8:in `create'
  [1m[36mGroup Load (0.3ms)[0m  [1m[34mSELECT "groups".* FROM "groups" WHERE "groups"."id" = $1 LIMIT $2[0m  [["id", 2], ["LIMIT", 1]]
  ↳ app/controllers/entities_controller.rb:8:in `create'
  [1m[36mTRANSACTION (0.4ms)[0m  [1m[31mROLLBACK[0m
  ↳ app/controllers/entities_controller.rb:8:in `create'
  [1m[36mUser Load (5.1ms)[0m  [1m[34mSELECT "users".* FROM "users" WHERE "users"."id" = $1 ORDER BY "users"."id" ASC LIMIT $2[0m  [["id", 1], ["LIMIT", 1]]
  ↳ app/controllers/entities_controller.rb:9:in `create'
  [1m[36mTRANSACTION (1.0ms)[0m  [1m[35mBEGIN[0m
  ↳ app/controllers/entities_controller.rb:11:in `block in create'
  [1m[36mUser Load (1.6ms)[0m  [1m[34mSELECT "users".* FROM "users" WHERE "users"."id" = $1 LIMIT $2[0m  [["id", 1], ["LIMIT", 1]]
  ↳ app/controllers/entities_controller.rb:11:in `block in create'
  [1m[36mEntity Create (1.2ms)[0m  [1m[32mINSERT INTO "entities" ("name", "amount", "created_at", "updated_at", "user_id", "group_id") VALUES ($1, $2, $3, $4, $5, $6) RETURNING "id"[0m  [["name", "transaction 3"], ["amount", 250.0], ["created_at", "2024-01-16 04:24:43.562956"], ["updated_at", "2024-01-16 04:24:43.562956"], ["user_id", 1], ["group_id", 2]]
  ↳ app/controllers/entities_controller.rb:11:in `block in create'
  [1m[36mTRANSACTION (10.2ms)[0m  [1m[35mCOMMIT[0m
  ↳ app/controllers/entities_controller.rb:11:in `block in create'
  [1m[36mGroup Load (0.4ms)[0m  [1m[34mSELECT "groups".* FROM "groups" WHERE "groups"."id" = $1 LIMIT $2[0m  [["id", 2], ["LIMIT", 1]]
  ↳ app/controllers/entities_controller.rb:13:in `block (2 levels) in create'
Redirected to http://127.0.0.1:3000/groups/2
Completed 302 Found in 39ms (ActiveRecord: 20.3ms | Allocations: 7277)


Started GET "/groups/2" for 127.0.0.1 at 2024-01-15 20:24:43 -0800
Processing by GroupsController#show as TURBO_STREAM
  Parameters: {"id"=>"2"}
  [1m[36mGroup Load (0.3ms)[0m  [1m[34mSELECT "groups".* FROM "groups" WHERE "groups"."id" = $1 LIMIT $2[0m  [["id", 2], ["LIMIT", 1]]
  ↳ app/controllers/groups_controller.rb:45:in `set_group'
  [1m[36mUser Load (0.3ms)[0m  [1m[34mSELECT "users".* FROM "users" WHERE "users"."id" = $1 ORDER BY "users"."id" ASC LIMIT $2[0m  [["id", 1], ["LIMIT", 1]]
  Rendering layout layouts/application.html.erb
  Rendering groups/show.html.erb within layouts/application
  Rendered shared/_header2.html.erb (Duration: 0.3ms | Allocations: 80)
  [1m[36mEntity Load (11.3ms)[0m  [1m[34mSELECT "entities".* FROM "entities" WHERE "entities"."group_id" = $1[0m  [["group_id", 2]]
  ↳ app/helpers/groups_helper.rb:3:in `reduce'
  Rendered groups/_group.html.erb (Duration: 14.0ms | Allocations: 747)
  [1m[36mEntity Exists? (0.4ms)[0m  [1m[34mSELECT 1 AS one FROM "entities" WHERE "entities"."group_id" = $1 LIMIT $2[0m  [["group_id", 2], ["LIMIT", 1]]
  ↳ app/views/groups/show.html.erb:9
  [1m[36mEntity Load (9.8ms)[0m  [1m[34mSELECT "entities".* FROM "entities" WHERE "entities"."group_id" = $1 ORDER BY id DESC[0m  [["group_id", 2]]
  ↳ app/views/groups/show.html.erb:10
  Rendered shared/_footer.html.erb (Duration: 0.1ms | Allocations: 36)
  Rendered groups/show.html.erb within layouts/application (Duration: 29.4ms | Allocations: 2298)
  Rendered layout layouts/application.html.erb (Duration: 35.4ms | Allocations: 3578)
Completed 200 OK in 52ms (Views: 14.7ms | ActiveRecord: 22.1ms | Allocations: 5781)


Started GET "/entities/new" for 127.0.0.1 at 2024-01-15 20:24:55 -0800
Processing by EntitiesController#new as HTML
  [1m[36mUser Load (0.2ms)[0m  [1m[34mSELECT "users".* FROM "users" WHERE "users"."id" = $1 ORDER BY "users"."id" ASC LIMIT $2[0m  [["id", 1], ["LIMIT", 1]]
  ↳ app/controllers/entities_controller.rb:4:in `new'
  Rendering layout layouts/application.html.erb
  Rendering entities/new.html.erb within layouts/application
  Rendered shared/_header2.html.erb (Duration: 0.2ms | Allocations: 80)
  [1m[36mGroup Load (0.3ms)[0m  [1m[34mSELECT "groups".* FROM "groups" WHERE "groups"."user_id" = $1[0m  [["user_id", 1]]
  ↳ app/views/entities/new.html.erb:13
  Rendered entities/new.html.erb within layouts/application (Duration: 3.8ms | Allocations: 1420)
  Rendered layout layouts/application.html.erb (Duration: 7.3ms | Allocations: 2708)
Completed 200 OK in 11ms (Views: 7.5ms | ActiveRecord: 0.5ms | Allocations: 3943)


Started GET "/groups" for 127.0.0.1 at 2024-01-15 20:25:01 -0800
Processing by GroupsController#index as HTML
  [1m[36mUser Load (0.2ms)[0m  [1m[34mSELECT "users".* FROM "users" WHERE "users"."id" = $1 ORDER BY "users"."id" ASC LIMIT $2[0m  [["id", 1], ["LIMIT", 1]]
  Rendering layout layouts/application.html.erb
  Rendering groups/index.html.erb within layouts/application
  Rendered shared/_header.html.erb (Duration: 0.2ms | Allocations: 75)
  [1m[36mGroup Exists? (0.4ms)[0m  [1m[34mSELECT 1 AS one FROM "groups" WHERE "groups"."user_id" = $1 LIMIT $2[0m  [["user_id", 1], ["LIMIT", 1]]
  ↳ app/views/groups/index.html.erb:10
  [1m[36mGroup Load (5.7ms)[0m  [1m[34mSELECT "groups".* FROM "groups" WHERE "groups"."user_id" = $1 ORDER BY id DESC[0m  [["user_id", 1]]
  ↳ app/views/groups/index.html.erb:11
  [1m[36mEntity Load (2.0ms)[0m  [1m[34mSELECT "entities".* FROM "entities" WHERE "entities"."group_id" = $1[0m  [["group_id", 2]]
  ↳ app/helpers/groups_helper.rb:3:in `reduce'
  Rendered groups/_group.html.erb (Duration: 4.8ms | Allocations: 747)
  [1m[36mEntity Load (0.6ms)[0m  [1m[34mSELECT "entities".* FROM "entities" WHERE "entities"."group_id" = $1[0m  [["group_id", 1]]
  ↳ app/helpers/groups_helper.rb:3:in `reduce'
  Rendered groups/_group.html.erb (Duration: 3.0ms | Allocations: 758)
  Rendered shared/_footer.html.erb (Duration: 0.2ms | Allocations: 36)
  Rendered groups/index.html.erb within layouts/application (Duration: 18.7ms | Allocations: 3042)
  Rendered layout layouts/application.html.erb (Duration: 23.1ms | Allocations: 4330)
Completed 200 OK in 27ms (Views: 15.0ms | ActiveRecord: 8.8ms | Allocations: 5951)


Started GET "/" for 127.0.0.1 at 2024-01-15 20:41:26 -0800
  [1m[36mActiveRecord::SchemaMigration Pluck (0.8ms)[0m  [1m[34mSELECT "schema_migrations"."version" FROM "schema_migrations" ORDER BY "schema_migrations"."version" ASC[0m
  [1m[36mUser Load (0.9ms)[0m  [1m[34mSELECT "users".* FROM "users" WHERE "users"."id" = $1 ORDER BY "users"."id" ASC LIMIT $2[0m  [["id", 1], ["LIMIT", 1]]
Processing by GroupsController#index as HTML
  Rendering layout layouts/application.html.erb
  Rendering groups/index.html.erb within layouts/application
  Rendered shared/_header.html.erb (Duration: 2.9ms | Allocations: 404)
  [1m[36mGroup Exists? (0.6ms)[0m  [1m[34mSELECT 1 AS one FROM "groups" WHERE "groups"."user_id" = $1 LIMIT $2[0m  [["user_id", 1], ["LIMIT", 1]]
  ↳ app/views/groups/index.html.erb:10
  [1m[36mGroup Load (0.5ms)[0m  [1m[34mSELECT "groups".* FROM "groups" WHERE "groups"."user_id" = $1 ORDER BY id DESC[0m  [["user_id", 1]]
  ↳ app/views/groups/index.html.erb:11
  [1m[36mEntity Load (1.5ms)[0m  [1m[34mSELECT "entities".* FROM "entities" WHERE "entities"."group_id" = $1[0m  [["group_id", 2]]
  ↳ app/helpers/groups_helper.rb:3:in `reduce'
  Rendered groups/_group.html.erb (Duration: 26.8ms | Allocations: 5687)
  [1m[36mEntity Load (0.3ms)[0m  [1m[34mSELECT "entities".* FROM "entities" WHERE "entities"."group_id" = $1[0m  [["group_id", 1]]
  ↳ app/helpers/groups_helper.rb:3:in `reduce'
  Rendered groups/_group.html.erb (Duration: 2.5ms | Allocations: 812)
  Rendered shared/_footer.html.erb (Duration: 2.4ms | Allocations: 176)
  Rendered groups/index.html.erb within layouts/application (Duration: 57.2ms | Allocations: 12336)
  Rendered layout layouts/application.html.erb (Duration: 370.2ms | Allocations: 44867)
Completed 200 OK in 454ms (Views: 372.6ms | ActiveRecord: 9.8ms | Allocations: 53822)


Started DELETE "/users/sign_out" for 127.0.0.1 at 2024-01-15 20:41:31 -0800
Processing by Devise::SessionsController#destroy as TURBO_STREAM
  [1m[36mUser Load (0.5ms)[0m  [1m[34mSELECT "users".* FROM "users" WHERE "users"."id" = $1 ORDER BY "users"."id" ASC LIMIT $2[0m  [["id", 1], ["LIMIT", 1]]
Redirected to http://127.0.0.1:3000/
Completed 302 Found in 23ms (ActiveRecord: 0.5ms | Allocations: 3703)


Started GET "/" for 127.0.0.1 at 2024-01-15 20:41:31 -0800
Processing by SplashesController#index as TURBO_STREAM
  Rendering layout layouts/application.html.erb
  Rendering splashes/index.html.erb within layouts/application
  Rendered splashes/index.html.erb within layouts/application (Duration: 12.1ms | Allocations: 326)
  Rendered layout layouts/application.html.erb (Duration: 14.7ms | Allocations: 1847)
Completed 200 OK in 19ms (Views: 16.9ms | ActiveRecord: 0.0ms | Allocations: 2726)


Started GET "/" for 127.0.0.1 at 2024-01-15 23:26:48 -0800
  [1m[36mActiveRecord::SchemaMigration Pluck (4.0ms)[0m  [1m[34mSELECT "schema_migrations"."version" FROM "schema_migrations" ORDER BY "schema_migrations"."version" ASC[0m
Processing by SplashesController#index as HTML
  Rendering layout layouts/application.html.erb
  Rendering splashes/index.html.erb within layouts/application
  Rendered splashes/index.html.erb within layouts/application (Duration: 7.6ms | Allocations: 615)
  Rendered layout layouts/application.html.erb (Duration: 379.4ms | Allocations: 33348)
Completed 200 OK in 437ms (Views: 389.8ms | ActiveRecord: 0.0ms | Allocations: 38711)


Started GET "/" for 127.0.0.1 at 2024-01-15 23:27:20 -0800
  [1m[36mActiveRecord::SchemaMigration Pluck (0.9ms)[0m  [1m[34mSELECT "schema_migrations"."version" FROM "schema_migrations" ORDER BY "schema_migrations"."version" ASC[0m
Processing by SplashesController#index as HTML
  Rendering layout layouts/application.html.erb
  Rendering splashes/index.html.erb within layouts/application
  Rendered splashes/index.html.erb within layouts/application (Duration: 5.2ms | Allocations: 615)
  Rendered layout layouts/application.html.erb (Duration: 143.9ms | Allocations: 33337)
Completed 200 OK in 192ms (Views: 155.3ms | ActiveRecord: 0.0ms | Allocations: 38700)


Started GET "/users/sign_in" for 127.0.0.1 at 2024-01-15 23:27:24 -0800
Processing by Devise::SessionsController#new as HTML
  Rendering layout layouts/application.html.erb
  Rendering devise/sessions/new.html.erb within layouts/application
  Rendered devise/shared/_links.html.erb (Duration: 4.5ms | Allocations: 731)
  Rendered devise/sessions/new.html.erb within layouts/application (Duration: 17.7ms | Allocations: 2799)
  Rendered layout layouts/application.html.erb (Duration: 20.3ms | Allocations: 4266)
Completed 200 OK in 113ms (Views: 24.0ms | ActiveRecord: 64.6ms | Allocations: 12042)


Started POST "/users/sign_in" for 127.0.0.1 at 2024-01-15 23:27:57 -0800
Processing by Devise::SessionsController#create as TURBO_STREAM
  Parameters: {"authenticity_token"=>"[FILTERED]", "user"=>{"email"=>"siddhartha.silvia@gmail.com", "password"=>"[FILTERED]"}, "commit"=>"Log In"}
  [1m[36mUser Load (50.8ms)[0m  [1m[34mSELECT "users".* FROM "users" WHERE "users"."email" = $1 ORDER BY "users"."id" ASC LIMIT $2[0m  [["email", "siddhartha.silvia@gmail.com"], ["LIMIT", 1]]
Redirected to http://127.0.0.1:3000/groups
Completed 302 Found in 412ms (ActiveRecord: 63.6ms | Allocations: 6085)


Started GET "/groups" for 127.0.0.1 at 2024-01-15 23:27:57 -0800
Processing by GroupsController#index as TURBO_STREAM
  [1m[36mUser Load (0.6ms)[0m  [1m[34mSELECT "users".* FROM "users" WHERE "users"."id" = $1 ORDER BY "users"."id" ASC LIMIT $2[0m  [["id", 1], ["LIMIT", 1]]
  Rendering layout layouts/application.html.erb
  Rendering groups/index.html.erb within layouts/application
  Rendered shared/_header.html.erb (Duration: 4.0ms | Allocations: 322)
  [1m[36mGroup Exists? (1.1ms)[0m  [1m[34mSELECT 1 AS one FROM "groups" WHERE "groups"."user_id" = $1 LIMIT $2[0m  [["user_id", 1], ["LIMIT", 1]]
  ↳ app/views/groups/index.html.erb:10
  [1m[36mGroup Load (0.7ms)[0m  [1m[34mSELECT "groups".* FROM "groups" WHERE "groups"."user_id" = $1 ORDER BY id DESC[0m  [["user_id", 1]]
  ↳ app/views/groups/index.html.erb:11
  [1m[36mEntity Load (2.8ms)[0m  [1m[34mSELECT "entities".* FROM "entities" WHERE "entities"."group_id" = $1[0m  [["group_id", 2]]
  ↳ app/helpers/groups_helper.rb:3:in `reduce'
  Rendered groups/_group.html.erb (Duration: 64.6ms | Allocations: 5681)
  [1m[36mEntity Load (0.4ms)[0m  [1m[34mSELECT "entities".* FROM "entities" WHERE "entities"."group_id" = $1[0m  [["group_id", 1]]
  ↳ app/helpers/groups_helper.rb:3:in `reduce'
  Rendered groups/_group.html.erb (Duration: 4.3ms | Allocations: 810)
  Rendered shared/_footer.html.erb (Duration: 6.5ms | Allocations: 176)
  Rendered groups/index.html.erb within layouts/application (Duration: 123.7ms | Allocations: 12014)
  Rendered layout layouts/application.html.erb (Duration: 132.4ms | Allocations: 13520)
Completed 200 OK in 213ms (Views: 97.6ms | ActiveRecord: 49.5ms | Allocations: 19542)


Started GET "/groups/2" for 127.0.0.1 at 2024-01-15 23:28:03 -0800
Processing by GroupsController#show as HTML
  Parameters: {"id"=>"2"}
  [1m[36mGroup Load (0.3ms)[0m  [1m[34mSELECT "groups".* FROM "groups" WHERE "groups"."id" = $1 LIMIT $2[0m  [["id", 2], ["LIMIT", 1]]
  ↳ app/controllers/groups_controller.rb:45:in `set_group'
  [1m[36mUser Load (24.8ms)[0m  [1m[34mSELECT "users".* FROM "users" WHERE "users"."id" = $1 ORDER BY "users"."id" ASC LIMIT $2[0m  [["id", 1], ["LIMIT", 1]]
  Rendering layout layouts/application.html.erb
  Rendering groups/show.html.erb within layouts/application
  Rendered shared/_header2.html.erb (Duration: 3.3ms | Allocations: 293)
  [1m[36mEntity Load (2.7ms)[0m  [1m[34mSELECT "entities".* FROM "entities" WHERE "entities"."group_id" = $1[0m  [["group_id", 2]]
  ↳ app/helpers/groups_helper.rb:3:in `reduce'
  Rendered groups/_group.html.erb (Duration: 4.6ms | Allocations: 744)
  [1m[36mEntity Exists? (1.9ms)[0m  [1m[34mSELECT 1 AS one FROM "entities" WHERE "entities"."group_id" = $1 LIMIT $2[0m  [["group_id", 2], ["LIMIT", 1]]
  ↳ app/views/groups/show.html.erb:9
  [1m[36mEntity Load (4.6ms)[0m  [1m[34mSELECT "entities".* FROM "entities" WHERE "entities"."group_id" = $1 ORDER BY id DESC[0m  [["group_id", 2]]
  ↳ app/views/groups/show.html.erb:10
  Rendered shared/_footer.html.erb (Duration: 0.1ms | Allocations: 36)
  Rendered groups/show.html.erb within layouts/application (Duration: 25.8ms | Allocations: 2983)
  Rendered layout layouts/application.html.erb (Duration: 29.9ms | Allocations: 4273)
Completed 200 OK in 77ms (Views: 21.6ms | ActiveRecord: 34.2ms | Allocations: 7222)